2025-07-12 12:38:03.809 [error] Error: EEXIST: file already exists, open '/home/user/.vscode/data/User/workspaceStorage/38a4b6f4/vscode.lock'
2025-07-12 12:38:14.832 [error] Error: listen EADDRINUSE: address already in use :::8888
	at Server.setupListenHandle [as _listen2] (node:net:1898:16)
	at listenInCluster (node:net:1946:12)
	at Server.listen (node:net:2044:7)
	at Function.listen (/extbin/local/openvscode-server/extensions/vscode-webide-adapter/dist/extension.js:52462:24)
	at startWattServer (/extbin/local/openvscode-server/extensions/vscode-webide-adapter/dist/extension.js:133234:32)
	at activate (/extbin/local/openvscode-server/extensions/vscode-webide-adapter/dist/extension.js:131801:58)
	at Uw.kb (file:///extbin/local/openvscode-server/out/vs/workbench/api/node/extensionHostProcess.js:115:15216)
	at Uw.jb (file:///extbin/local/openvscode-server/out/vs/workbench/api/node/extensionHostProcess.js:115:14923)
	at file:///extbin/local/openvscode-server/out/vs/workbench/api/node/extensionHostProcess.js:115:13081
	at async cw.n (file:///extbin/local/openvscode-server/out/vs/workbench/api/node/extensionHostProcess.js:111:13359)
	at async cw.m (file:///extbin/local/openvscode-server/out/vs/workbench/api/node/extensionHostProcess.js:111:13322)
	at async cw.l (file:///extbin/local/openvscode-server/out/vs/workbench/api/node/extensionHostProcess.js:111:12778)
2025-07-12 12:38:14.833 [error] Error: listen EADDRINUSE: address already in use :::3001
	at Server.setupListenHandle [as _listen2] (node:net:1898:16)
	at listenInCluster (node:net:1946:12)
	at Server.listen (node:net:2044:7)
	at w.listen (/extbin/local/openvscode-server/extensions/vscode-wing-expose-router-ports-2.4.7-release/bundle/extension.js:2:91515)
	at /extbin/local/openvscode-server/extensions/vscode-wing-expose-router-ports-2.4.7-release/bundle/extension.js:2:561430
	at /extbin/local/openvscode-server/extensions/vscode-wing-expose-router-ports-2.4.7-release/bundle/extension.js:2:561563
	at t.activate (/extbin/local/openvscode-server/extensions/vscode-wing-expose-router-ports-2.4.7-release/bundle/extension.js:2:561566)
	at Uw.kb (file:///extbin/local/openvscode-server/out/vs/workbench/api/node/extensionHostProcess.js:115:15216)
	at Uw.jb (file:///extbin/local/openvscode-server/out/vs/workbench/api/node/extensionHostProcess.js:115:14923)
	at file:///extbin/local/openvscode-server/out/vs/workbench/api/node/extensionHostProcess.js:115:13081
	at async cw.n (file:///extbin/local/openvscode-server/out/vs/workbench/api/node/extensionHostProcess.js:111:13359)
	at async cw.m (file:///extbin/local/openvscode-server/out/vs/workbench/api/node/extensionHostProcess.js:111:13322)
	at async cw.l (file:///extbin/local/openvscode-server/out/vs/workbench/api/node/extensionHostProcess.js:111:12778)
2025-07-12 12:40:18.362 [error] An error occurred when disposing the subscriptions for extension 'eamodio.gitlens':
2025-07-12 12:40:18.365 [error] TypeError: Cannot read properties of undefined (reading 'dispose')
	at Object.dispose (file:///extbin/local/openvscode-server/out/vs/workbench/api/node/extensionHostProcess.js:135:125067)
	at iv.<anonymous> (file:///extbin/local/openvscode-server/out/vs/workbench/api/node/extensionHostProcess.js:107:8922)
	at iv.dispose (file:///extbin/local/openvscode-server/out/vs/workbench/api/node/extensionHostProcess.js:107:9018)
	at Object.dispose (/extbin/local/openvscode-server/extensions/gitlens-16.2.1/dist/gitlens.js:1154:48762)
	at /extbin/local/openvscode-server/extensions/gitlens-16.2.1/dist/gitlens.js:1425:15117
	at Array.forEach (<anonymous>)
	at Object.dispose (/extbin/local/openvscode-server/extensions/gitlens-16.2.1/dist/gitlens.js:1425:15099)
	at pi (file:///extbin/local/openvscode-server/out/vs/workbench/api/node/extensionHostProcess.js:25:701)
	at file:///extbin/local/openvscode-server/out/vs/workbench/api/node/extensionHostProcess.js:115:14994
	at file:///extbin/local/openvscode-server/out/vs/workbench/api/node/extensionHostProcess.js:25:1011
	at Object.dispose (file:///extbin/local/openvscode-server/out/vs/workbench/api/node/extensionHostProcess.js:8:705)
	at wV.eb (file:///extbin/local/openvscode-server/out/vs/workbench/api/node/extensionHostProcess.js:115:11921)
	at file:///extbin/local/openvscode-server/out/vs/workbench/api/node/extensionHostProcess.js:115:9876
	at Array.map (<anonymous>)
	at wV.$ (file:///extbin/local/openvscode-server/out/vs/workbench/api/node/extensionHostProcess.js:115:9864)
	at wV.terminate (file:///extbin/local/openvscode-server/out/vs/workbench/api/node/extensionHostProcess.js:115:10107)
	at aP.terminate (file:///extbin/local/openvscode-server/out/vs/workbench/api/node/extensionHostProcess.js:116:1434)
	at es (file:///extbin/local/openvscode-server/out/vs/workbench/api/node/extensionHostProcess.js:197:5701)
	at Th.value (file:///extbin/local/openvscode-server/out/vs/workbench/api/node/extensionHostProcess.js:197:3862)
	at P.B (file:///extbin/local/openvscode-server/out/vs/workbench/api/node/extensionHostProcess.js:27:2375)
	at P.fire (file:///extbin/local/openvscode-server/out/vs/workbench/api/node/extensionHostProcess.js:27:2593)
	at Qn.fire (file:///extbin/local/openvscode-server/out/vs/workbench/api/node/extensionHostProcess.js:29:9459)
	at Km.A (file:///extbin/local/openvscode-server/out/vs/workbench/api/node/extensionHostProcess.js:29:12575)
	at Th.value (file:///extbin/local/openvscode-server/out/vs/workbench/api/node/extensionHostProcess.js:29:10995)
	at P.B (file:///extbin/local/openvscode-server/out/vs/workbench/api/node/extensionHostProcess.js:27:2375)
	at P.fire (file:///extbin/local/openvscode-server/out/vs/workbench/api/node/extensionHostProcess.js:27:2593)
	at U6.acceptChunk (file:///extbin/local/openvscode-server/out/vs/workbench/api/node/extensionHostProcess.js:29:7942)
	at Th.value (file:///extbin/local/openvscode-server/out/vs/workbench/api/node/extensionHostProcess.js:29:7228)
	at P.B (file:///extbin/local/openvscode-server/out/vs/workbench/api/node/extensionHostProcess.js:27:2375)
	at P.fire (file:///extbin/local/openvscode-server/out/vs/workbench/api/node/extensionHostProcess.js:27:2593)
	at TT.z (file:///extbin/local/openvscode-server/out/vs/workbench/api/node/extensionHostProcess.js:29:21727)
2025-07-12 12:40:18.376 [error] Canceled: Canceled
	at new BR (file:///extbin/local/openvscode-server/out/vs/workbench/api/node/extensionHostProcess.js:29:127734)
	at s4.U (file:///extbin/local/openvscode-server/out/vs/workbench/api/node/extensionHostProcess.js:29:132345)
	at s.<computed>.n.charCodeAt.s.<computed> (file:///extbin/local/openvscode-server/out/vs/workbench/api/node/extensionHostProcess.js:29:129839)
	at vw.g (file:///extbin/local/openvscode-server/out/vs/workbench/api/node/extensionHostProcess.js:111:40983)
	at vw.executeCommand (file:///extbin/local/openvscode-server/out/vs/workbench/api/node/extensionHostProcess.js:111:40487)
	at r.registerCommand.description (file:///extbin/local/openvscode-server/out/vs/workbench/api/node/extensionHostProcess.js:111:39817)
	at vw.h (file:///extbin/local/openvscode-server/out/vs/workbench/api/node/extensionHostProcess.js:111:41503)
	at vw.g (file:///extbin/local/openvscode-server/out/vs/workbench/api/node/extensionHostProcess.js:111:40580)
	at vw.executeCommand (file:///extbin/local/openvscode-server/out/vs/workbench/api/node/extensionHostProcess.js:111:40487)
	at Object.executeCommand (file:///extbin/local/openvscode-server/out/vs/workbench/api/node/extensionHostProcess.js:173:30346)
	at f (/extbin/local/openvscode-server/extensions/gitlens-16.2.1/dist/gitlens.js:1479:63709)
	at c (/extbin/local/openvscode-server/extensions/gitlens-16.2.1/dist/gitlens.js:1479:68269)
	at ActionRunners._updateContextKeys (/extbin/local/openvscode-server/extensions/gitlens-16.2.1/dist/gitlens.js:1104:70222)
	at s (/extbin/local/openvscode-server/extensions/gitlens-16.2.1/dist/gitlens.js:1104:68666)
	at RegisteredActionRunner.unregister (/extbin/local/openvscode-server/extensions/gitlens-16.2.1/dist/gitlens.js:1104:68809)
	at RegisteredActionRunner.dispose (/extbin/local/openvscode-server/extensions/gitlens-16.2.1/dist/gitlens.js:1104:67476)
	at Object.dispose (/extbin/local/openvscode-server/extensions/gitlens-16.2.1/dist/gitlens.js:1104:68903)
	at pi (file:///extbin/local/openvscode-server/out/vs/workbench/api/node/extensionHostProcess.js:25:701)
	at file:///extbin/local/openvscode-server/out/vs/workbench/api/node/extensionHostProcess.js:115:14994
	at file:///extbin/local/openvscode-server/out/vs/workbench/api/node/extensionHostProcess.js:25:1011
	at Object.dispose (file:///extbin/local/openvscode-server/out/vs/workbench/api/node/extensionHostProcess.js:8:705)
	at wV.eb (file:///extbin/local/openvscode-server/out/vs/workbench/api/node/extensionHostProcess.js:115:11921)
	at file:///extbin/local/openvscode-server/out/vs/workbench/api/node/extensionHostProcess.js:115:9876
	at Array.map (<anonymous>)
	at wV.$ (file:///extbin/local/openvscode-server/out/vs/workbench/api/node/extensionHostProcess.js:115:9864)
	at wV.terminate (file:///extbin/local/openvscode-server/out/vs/workbench/api/node/extensionHostProcess.js:115:10107)
	at aP.terminate (file:///extbin/local/openvscode-server/out/vs/workbench/api/node/extensionHostProcess.js:116:1434)
	at es (file:///extbin/local/openvscode-server/out/vs/workbench/api/node/extensionHostProcess.js:197:5701)
	at Th.value (file:///extbin/local/openvscode-server/out/vs/workbench/api/node/extensionHostProcess.js:197:3862)
	at P.B (file:///extbin/local/openvscode-server/out/vs/workbench/api/node/extensionHostProcess.js:27:2375)
	at P.fire (file:///extbin/local/openvscode-server/out/vs/workbench/api/node/extensionHostProcess.js:27:2593)
	at Qn.fire (file:///extbin/local/openvscode-server/out/vs/workbench/api/node/extensionHostProcess.js:29:9459)
	at Km.A (file:///extbin/local/openvscode-server/out/vs/workbench/api/node/extensionHostProcess.js:29:12575)
	at Th.value (file:///extbin/local/openvscode-server/out/vs/workbench/api/node/extensionHostProcess.js:29:10995)
	at P.B (file:///extbin/local/openvscode-server/out/vs/workbench/api/node/extensionHostProcess.js:27:2375)
	at P.fire (file:///extbin/local/openvscode-server/out/vs/workbench/api/node/extensionHostProcess.js:27:2593)
	at U6.acceptChunk (file:///extbin/local/openvscode-server/out/vs/workbench/api/node/extensionHostProcess.js:29:7942)
	at Th.value (file:///extbin/local/openvscode-server/out/vs/workbench/api/node/extensionHostProcess.js:29:7228)
	at P.B (file:///extbin/local/openvscode-server/out/vs/workbench/api/node/extensionHostProcess.js:27:2375)
	at P.fire (file:///extbin/local/openvscode-server/out/vs/workbench/api/node/extensionHostProcess.js:27:2593)
	at TT.z (file:///extbin/local/openvscode-server/out/vs/workbench/api/node/extensionHostProcess.js:29:21727) setContext undefined
2025-07-12 12:40:18.376 [error] Canceled: Canceled
	at new BR (file:///extbin/local/openvscode-server/out/vs/workbench/api/node/extensionHostProcess.js:29:127734)
	at s4.U (file:///extbin/local/openvscode-server/out/vs/workbench/api/node/extensionHostProcess.js:29:132345)
	at s.<computed>.n.charCodeAt.s.<computed> (file:///extbin/local/openvscode-server/out/vs/workbench/api/node/extensionHostProcess.js:29:129839)
	at vw.g (file:///extbin/local/openvscode-server/out/vs/workbench/api/node/extensionHostProcess.js:111:40983)
	at vw.executeCommand (file:///extbin/local/openvscode-server/out/vs/workbench/api/node/extensionHostProcess.js:111:40487)
	at r.registerCommand.description (file:///extbin/local/openvscode-server/out/vs/workbench/api/node/extensionHostProcess.js:111:39817)
	at vw.h (file:///extbin/local/openvscode-server/out/vs/workbench/api/node/extensionHostProcess.js:111:41503)
	at vw.g (file:///extbin/local/openvscode-server/out/vs/workbench/api/node/extensionHostProcess.js:111:40580)
	at vw.executeCommand (file:///extbin/local/openvscode-server/out/vs/workbench/api/node/extensionHostProcess.js:111:40487)
	at Object.executeCommand (file:///extbin/local/openvscode-server/out/vs/workbench/api/node/extensionHostProcess.js:173:30346)
	at f (/extbin/local/openvscode-server/extensions/gitlens-16.2.1/dist/gitlens.js:1479:63709)
	at c (/extbin/local/openvscode-server/extensions/gitlens-16.2.1/dist/gitlens.js:1479:68269)
	at ActionRunners._updateContextKeys (/extbin/local/openvscode-server/extensions/gitlens-16.2.1/dist/gitlens.js:1104:70222)
	at s (/extbin/local/openvscode-server/extensions/gitlens-16.2.1/dist/gitlens.js:1104:68666)
	at RegisteredActionRunner.unregister (/extbin/local/openvscode-server/extensions/gitlens-16.2.1/dist/gitlens.js:1104:68809)
	at RegisteredActionRunner.dispose (/extbin/local/openvscode-server/extensions/gitlens-16.2.1/dist/gitlens.js:1104:67476)
	at Object.dispose (/extbin/local/openvscode-server/extensions/gitlens-16.2.1/dist/gitlens.js:1104:68903)
	at pi (file:///extbin/local/openvscode-server/out/vs/workbench/api/node/extensionHostProcess.js:25:701)
	at file:///extbin/local/openvscode-server/out/vs/workbench/api/node/extensionHostProcess.js:115:14994
	at file:///extbin/local/openvscode-server/out/vs/workbench/api/node/extensionHostProcess.js:25:1011
	at Object.dispose (file:///extbin/local/openvscode-server/out/vs/workbench/api/node/extensionHostProcess.js:8:705)
	at wV.eb (file:///extbin/local/openvscode-server/out/vs/workbench/api/node/extensionHostProcess.js:115:11921)
	at file:///extbin/local/openvscode-server/out/vs/workbench/api/node/extensionHostProcess.js:115:9876
	at Array.map (<anonymous>)
	at wV.$ (file:///extbin/local/openvscode-server/out/vs/workbench/api/node/extensionHostProcess.js:115:9864)
	at wV.terminate (file:///extbin/local/openvscode-server/out/vs/workbench/api/node/extensionHostProcess.js:115:10107)
	at aP.terminate (file:///extbin/local/openvscode-server/out/vs/workbench/api/node/extensionHostProcess.js:116:1434)
	at es (file:///extbin/local/openvscode-server/out/vs/workbench/api/node/extensionHostProcess.js:197:5701)
	at Th.value (file:///extbin/local/openvscode-server/out/vs/workbench/api/node/extensionHostProcess.js:197:3862)
	at P.B (file:///extbin/local/openvscode-server/out/vs/workbench/api/node/extensionHostProcess.js:27:2375)
	at P.fire (file:///extbin/local/openvscode-server/out/vs/workbench/api/node/extensionHostProcess.js:27:2593)
	at Qn.fire (file:///extbin/local/openvscode-server/out/vs/workbench/api/node/extensionHostProcess.js:29:9459)
	at Km.A (file:///extbin/local/openvscode-server/out/vs/workbench/api/node/extensionHostProcess.js:29:12575)
	at Th.value (file:///extbin/local/openvscode-server/out/vs/workbench/api/node/extensionHostProcess.js:29:10995)
	at P.B (file:///extbin/local/openvscode-server/out/vs/workbench/api/node/extensionHostProcess.js:27:2375)
	at P.fire (file:///extbin/local/openvscode-server/out/vs/workbench/api/node/extensionHostProcess.js:27:2593)
	at U6.acceptChunk (file:///extbin/local/openvscode-server/out/vs/workbench/api/node/extensionHostProcess.js:29:7942)
	at Th.value (file:///extbin/local/openvscode-server/out/vs/workbench/api/node/extensionHostProcess.js:29:7228)
	at P.B (file:///extbin/local/openvscode-server/out/vs/workbench/api/node/extensionHostProcess.js:27:2375)
	at P.fire (file:///extbin/local/openvscode-server/out/vs/workbench/api/node/extensionHostProcess.js:27:2593)
	at TT.z (file:///extbin/local/openvscode-server/out/vs/workbench/api/node/extensionHostProcess.js:29:21727) setContext undefined
2025-07-12 12:40:18.376 [error] Canceled: Canceled
	at new BR (file:///extbin/local/openvscode-server/out/vs/workbench/api/node/extensionHostProcess.js:29:127734)
	at s4.U (file:///extbin/local/openvscode-server/out/vs/workbench/api/node/extensionHostProcess.js:29:132345)
	at s.<computed>.n.charCodeAt.s.<computed> (file:///extbin/local/openvscode-server/out/vs/workbench/api/node/extensionHostProcess.js:29:129839)
	at vw.g (file:///extbin/local/openvscode-server/out/vs/workbench/api/node/extensionHostProcess.js:111:40983)
	at vw.executeCommand (file:///extbin/local/openvscode-server/out/vs/workbench/api/node/extensionHostProcess.js:111:40487)
	at r.registerCommand.description (file:///extbin/local/openvscode-server/out/vs/workbench/api/node/extensionHostProcess.js:111:39817)
	at vw.h (file:///extbin/local/openvscode-server/out/vs/workbench/api/node/extensionHostProcess.js:111:41503)
	at vw.g (file:///extbin/local/openvscode-server/out/vs/workbench/api/node/extensionHostProcess.js:111:40580)
	at vw.executeCommand (file:///extbin/local/openvscode-server/out/vs/workbench/api/node/extensionHostProcess.js:111:40487)
	at Object.executeCommand (file:///extbin/local/openvscode-server/out/vs/workbench/api/node/extensionHostProcess.js:173:30346)
	at f (/extbin/local/openvscode-server/extensions/gitlens-16.2.1/dist/gitlens.js:1479:63709)
	at c (/extbin/local/openvscode-server/extensions/gitlens-16.2.1/dist/gitlens.js:1479:68269)
	at ActionRunners._updateContextKeys (/extbin/local/openvscode-server/extensions/gitlens-16.2.1/dist/gitlens.js:1104:70222)
	at s (/extbin/local/openvscode-server/extensions/gitlens-16.2.1/dist/gitlens.js:1104:68666)
	at RegisteredActionRunner.unregister (/extbin/local/openvscode-server/extensions/gitlens-16.2.1/dist/gitlens.js:1104:68809)
	at RegisteredActionRunner.dispose (/extbin/local/openvscode-server/extensions/gitlens-16.2.1/dist/gitlens.js:1104:67476)
	at Object.dispose (/extbin/local/openvscode-server/extensions/gitlens-16.2.1/dist/gitlens.js:1104:68903)
	at pi (file:///extbin/local/openvscode-server/out/vs/workbench/api/node/extensionHostProcess.js:25:701)
	at file:///extbin/local/openvscode-server/out/vs/workbench/api/node/extensionHostProcess.js:115:14994
	at file:///extbin/local/openvscode-server/out/vs/workbench/api/node/extensionHostProcess.js:25:1011
	at Object.dispose (file:///extbin/local/openvscode-server/out/vs/workbench/api/node/extensionHostProcess.js:8:705)
	at wV.eb (file:///extbin/local/openvscode-server/out/vs/workbench/api/node/extensionHostProcess.js:115:11921)
	at file:///extbin/local/openvscode-server/out/vs/workbench/api/node/extensionHostProcess.js:115:9876
	at Array.map (<anonymous>)
	at wV.$ (file:///extbin/local/openvscode-server/out/vs/workbench/api/node/extensionHostProcess.js:115:9864)
	at wV.terminate (file:///extbin/local/openvscode-server/out/vs/workbench/api/node/extensionHostProcess.js:115:10107)
	at aP.terminate (file:///extbin/local/openvscode-server/out/vs/workbench/api/node/extensionHostProcess.js:116:1434)
	at es (file:///extbin/local/openvscode-server/out/vs/workbench/api/node/extensionHostProcess.js:197:5701)
	at Th.value (file:///extbin/local/openvscode-server/out/vs/workbench/api/node/extensionHostProcess.js:197:3862)
	at P.B (file:///extbin/local/openvscode-server/out/vs/workbench/api/node/extensionHostProcess.js:27:2375)
	at P.fire (file:///extbin/local/openvscode-server/out/vs/workbench/api/node/extensionHostProcess.js:27:2593)
	at Qn.fire (file:///extbin/local/openvscode-server/out/vs/workbench/api/node/extensionHostProcess.js:29:9459)
	at Km.A (file:///extbin/local/openvscode-server/out/vs/workbench/api/node/extensionHostProcess.js:29:12575)
	at Th.value (file:///extbin/local/openvscode-server/out/vs/workbench/api/node/extensionHostProcess.js:29:10995)
	at P.B (file:///extbin/local/openvscode-server/out/vs/workbench/api/node/extensionHostProcess.js:27:2375)
	at P.fire (file:///extbin/local/openvscode-server/out/vs/workbench/api/node/extensionHostProcess.js:27:2593)
	at U6.acceptChunk (file:///extbin/local/openvscode-server/out/vs/workbench/api/node/extensionHostProcess.js:29:7942)
	at Th.value (file:///extbin/local/openvscode-server/out/vs/workbench/api/node/extensionHostProcess.js:29:7228)
	at P.B (file:///extbin/local/openvscode-server/out/vs/workbench/api/node/extensionHostProcess.js:27:2375)
	at P.fire (file:///extbin/local/openvscode-server/out/vs/workbench/api/node/extensionHostProcess.js:27:2593)
	at TT.z (file:///extbin/local/openvscode-server/out/vs/workbench/api/node/extensionHostProcess.js:29:21727) setContext undefined
2025-07-12 12:40:18.382 [error] Error: Channel has been closed
	at s (file:///extbin/local/openvscode-server/out/vs/workbench/api/node/extensionHostProcess.js:117:2431)
	at Object.appendLine (file:///extbin/local/openvscode-server/out/vs/workbench/api/node/extensionHostProcess.js:117:2570)
	at R.logOutputMessage (/extbin/local/openvscode-server/extensions/json-language-features/client/dist/node/jsonClientMain.js:2:290791)
	at R.info (/extbin/local/openvscode-server/extensions/json-language-features/client/dist/node/jsonClientMain.js:2:290524)
	at ChildProcess.<anonymous> (/extbin/local/openvscode-server/extensions/json-language-features/client/dist/node/jsonClientMain.js:2:514797)
	at ChildProcess.emit (node:events:519:28)
	at ChildProcess._handle.onexit (node:internal/child_process:294:12)
