2025-07-16 04:50:25.443 [error] Canceled: Canceled
	at Vc (file:///extbin/local/openvscode-server/out/vs/workbench/api/node/extensionHostProcess.js:7:1218)
	at file:///extbin/local/openvscode-server/out/vs/workbench/api/node/extensionHostProcess.js:29:129186
	at Array.forEach (<anonymous>)
	at s4.dispose (file:///extbin/local/openvscode-server/out/vs/workbench/api/node/extensionHostProcess.js:29:129126)
	at wV.terminate (file:///extbin/local/openvscode-server/out/vs/workbench/api/node/extensionHostProcess.js:115:10084)
	at aP.terminate (file:///extbin/local/openvscode-server/out/vs/workbench/api/node/extensionHostProcess.js:116:1434)
	at es (file:///extbin/local/openvscode-server/out/vs/workbench/api/node/extensionHostProcess.js:197:5701)
	at Th.value (file:///extbin/local/openvscode-server/out/vs/workbench/api/node/extensionHostProcess.js:197:3862)
	at P.B (file:///extbin/local/openvscode-server/out/vs/workbench/api/node/extensionHostProcess.js:27:2375)
	at P.fire (file:///extbin/local/openvscode-server/out/vs/workbench/api/node/extensionHostProcess.js:27:2593)
	at Qn.fire (file:///extbin/local/openvscode-server/out/vs/workbench/api/node/extensionHostProcess.js:29:9459)
	at Km.A (file:///extbin/local/openvscode-server/out/vs/workbench/api/node/extensionHostProcess.js:29:12575)
	at Th.value (file:///extbin/local/openvscode-server/out/vs/workbench/api/node/extensionHostProcess.js:29:10995)
	at P.B (file:///extbin/local/openvscode-server/out/vs/workbench/api/node/extensionHostProcess.js:27:2375)
	at P.fire (file:///extbin/local/openvscode-server/out/vs/workbench/api/node/extensionHostProcess.js:27:2593)
	at U6.acceptChunk (file:///extbin/local/openvscode-server/out/vs/workbench/api/node/extensionHostProcess.js:29:7942)
	at Th.value (file:///extbin/local/openvscode-server/out/vs/workbench/api/node/extensionHostProcess.js:29:7228)
	at P.B (file:///extbin/local/openvscode-server/out/vs/workbench/api/node/extensionHostProcess.js:27:2375)
	at P.fire (file:///extbin/local/openvscode-server/out/vs/workbench/api/node/extensionHostProcess.js:27:2593)
	at TT.z (file:///extbin/local/openvscode-server/out/vs/workbench/api/node/extensionHostProcess.js:29:21727) setContext undefined
2025-07-16 04:50:25.444 [error] Canceled: Canceled
	at Vc (file:///extbin/local/openvscode-server/out/vs/workbench/api/node/extensionHostProcess.js:7:1218)
	at file:///extbin/local/openvscode-server/out/vs/workbench/api/node/extensionHostProcess.js:29:129186
	at Array.forEach (<anonymous>)
	at s4.dispose (file:///extbin/local/openvscode-server/out/vs/workbench/api/node/extensionHostProcess.js:29:129126)
	at wV.terminate (file:///extbin/local/openvscode-server/out/vs/workbench/api/node/extensionHostProcess.js:115:10084)
	at aP.terminate (file:///extbin/local/openvscode-server/out/vs/workbench/api/node/extensionHostProcess.js:116:1434)
	at es (file:///extbin/local/openvscode-server/out/vs/workbench/api/node/extensionHostProcess.js:197:5701)
	at Th.value (file:///extbin/local/openvscode-server/out/vs/workbench/api/node/extensionHostProcess.js:197:3862)
	at P.B (file:///extbin/local/openvscode-server/out/vs/workbench/api/node/extensionHostProcess.js:27:2375)
	at P.fire (file:///extbin/local/openvscode-server/out/vs/workbench/api/node/extensionHostProcess.js:27:2593)
	at Qn.fire (file:///extbin/local/openvscode-server/out/vs/workbench/api/node/extensionHostProcess.js:29:9459)
	at Km.A (file:///extbin/local/openvscode-server/out/vs/workbench/api/node/extensionHostProcess.js:29:12575)
	at Th.value (file:///extbin/local/openvscode-server/out/vs/workbench/api/node/extensionHostProcess.js:29:10995)
	at P.B (file:///extbin/local/openvscode-server/out/vs/workbench/api/node/extensionHostProcess.js:27:2375)
	at P.fire (file:///extbin/local/openvscode-server/out/vs/workbench/api/node/extensionHostProcess.js:27:2593)
	at U6.acceptChunk (file:///extbin/local/openvscode-server/out/vs/workbench/api/node/extensionHostProcess.js:29:7942)
	at Th.value (file:///extbin/local/openvscode-server/out/vs/workbench/api/node/extensionHostProcess.js:29:7228)
	at P.B (file:///extbin/local/openvscode-server/out/vs/workbench/api/node/extensionHostProcess.js:27:2375)
	at P.fire (file:///extbin/local/openvscode-server/out/vs/workbench/api/node/extensionHostProcess.js:27:2593)
	at TT.z (file:///extbin/local/openvscode-server/out/vs/workbench/api/node/extensionHostProcess.js:29:21727) setContext undefined
2025-07-16 04:50:25.444 [error] Canceled: Canceled
	at Vc (file:///extbin/local/openvscode-server/out/vs/workbench/api/node/extensionHostProcess.js:7:1218)
	at file:///extbin/local/openvscode-server/out/vs/workbench/api/node/extensionHostProcess.js:29:129186
	at Array.forEach (<anonymous>)
	at s4.dispose (file:///extbin/local/openvscode-server/out/vs/workbench/api/node/extensionHostProcess.js:29:129126)
	at wV.terminate (file:///extbin/local/openvscode-server/out/vs/workbench/api/node/extensionHostProcess.js:115:10084)
	at aP.terminate (file:///extbin/local/openvscode-server/out/vs/workbench/api/node/extensionHostProcess.js:116:1434)
	at es (file:///extbin/local/openvscode-server/out/vs/workbench/api/node/extensionHostProcess.js:197:5701)
	at Th.value (file:///extbin/local/openvscode-server/out/vs/workbench/api/node/extensionHostProcess.js:197:3862)
	at P.B (file:///extbin/local/openvscode-server/out/vs/workbench/api/node/extensionHostProcess.js:27:2375)
	at P.fire (file:///extbin/local/openvscode-server/out/vs/workbench/api/node/extensionHostProcess.js:27:2593)
	at Qn.fire (file:///extbin/local/openvscode-server/out/vs/workbench/api/node/extensionHostProcess.js:29:9459)
	at Km.A (file:///extbin/local/openvscode-server/out/vs/workbench/api/node/extensionHostProcess.js:29:12575)
	at Th.value (file:///extbin/local/openvscode-server/out/vs/workbench/api/node/extensionHostProcess.js:29:10995)
	at P.B (file:///extbin/local/openvscode-server/out/vs/workbench/api/node/extensionHostProcess.js:27:2375)
	at P.fire (file:///extbin/local/openvscode-server/out/vs/workbench/api/node/extensionHostProcess.js:27:2593)
	at U6.acceptChunk (file:///extbin/local/openvscode-server/out/vs/workbench/api/node/extensionHostProcess.js:29:7942)
	at Th.value (file:///extbin/local/openvscode-server/out/vs/workbench/api/node/extensionHostProcess.js:29:7228)
	at P.B (file:///extbin/local/openvscode-server/out/vs/workbench/api/node/extensionHostProcess.js:27:2375)
	at P.fire (file:///extbin/local/openvscode-server/out/vs/workbench/api/node/extensionHostProcess.js:27:2593)
	at TT.z (file:///extbin/local/openvscode-server/out/vs/workbench/api/node/extensionHostProcess.js:29:21727) setContext undefined
2025-07-16 04:50:25.444 [error] Canceled: Canceled
	at Vc (file:///extbin/local/openvscode-server/out/vs/workbench/api/node/extensionHostProcess.js:7:1218)
	at file:///extbin/local/openvscode-server/out/vs/workbench/api/node/extensionHostProcess.js:29:129186
	at Array.forEach (<anonymous>)
	at s4.dispose (file:///extbin/local/openvscode-server/out/vs/workbench/api/node/extensionHostProcess.js:29:129126)
	at wV.terminate (file:///extbin/local/openvscode-server/out/vs/workbench/api/node/extensionHostProcess.js:115:10084)
	at aP.terminate (file:///extbin/local/openvscode-server/out/vs/workbench/api/node/extensionHostProcess.js:116:1434)
	at es (file:///extbin/local/openvscode-server/out/vs/workbench/api/node/extensionHostProcess.js:197:5701)
	at Th.value (file:///extbin/local/openvscode-server/out/vs/workbench/api/node/extensionHostProcess.js:197:3862)
	at P.B (file:///extbin/local/openvscode-server/out/vs/workbench/api/node/extensionHostProcess.js:27:2375)
	at P.fire (file:///extbin/local/openvscode-server/out/vs/workbench/api/node/extensionHostProcess.js:27:2593)
	at Qn.fire (file:///extbin/local/openvscode-server/out/vs/workbench/api/node/extensionHostProcess.js:29:9459)
	at Km.A (file:///extbin/local/openvscode-server/out/vs/workbench/api/node/extensionHostProcess.js:29:12575)
	at Th.value (file:///extbin/local/openvscode-server/out/vs/workbench/api/node/extensionHostProcess.js:29:10995)
	at P.B (file:///extbin/local/openvscode-server/out/vs/workbench/api/node/extensionHostProcess.js:27:2375)
	at P.fire (file:///extbin/local/openvscode-server/out/vs/workbench/api/node/extensionHostProcess.js:27:2593)
	at U6.acceptChunk (file:///extbin/local/openvscode-server/out/vs/workbench/api/node/extensionHostProcess.js:29:7942)
	at Th.value (file:///extbin/local/openvscode-server/out/vs/workbench/api/node/extensionHostProcess.js:29:7228)
	at P.B (file:///extbin/local/openvscode-server/out/vs/workbench/api/node/extensionHostProcess.js:27:2375)
	at P.fire (file:///extbin/local/openvscode-server/out/vs/workbench/api/node/extensionHostProcess.js:27:2593)
	at TT.z (file:///extbin/local/openvscode-server/out/vs/workbench/api/node/extensionHostProcess.js:29:21727) setContext undefined
2025-07-16 04:50:25.444 [error] Canceled: Canceled
	at Vc (file:///extbin/local/openvscode-server/out/vs/workbench/api/node/extensionHostProcess.js:7:1218)
	at file:///extbin/local/openvscode-server/out/vs/workbench/api/node/extensionHostProcess.js:29:129186
	at Array.forEach (<anonymous>)
	at s4.dispose (file:///extbin/local/openvscode-server/out/vs/workbench/api/node/extensionHostProcess.js:29:129126)
	at wV.terminate (file:///extbin/local/openvscode-server/out/vs/workbench/api/node/extensionHostProcess.js:115:10084)
	at aP.terminate (file:///extbin/local/openvscode-server/out/vs/workbench/api/node/extensionHostProcess.js:116:1434)
	at es (file:///extbin/local/openvscode-server/out/vs/workbench/api/node/extensionHostProcess.js:197:5701)
	at Th.value (file:///extbin/local/openvscode-server/out/vs/workbench/api/node/extensionHostProcess.js:197:3862)
	at P.B (file:///extbin/local/openvscode-server/out/vs/workbench/api/node/extensionHostProcess.js:27:2375)
	at P.fire (file:///extbin/local/openvscode-server/out/vs/workbench/api/node/extensionHostProcess.js:27:2593)
	at Qn.fire (file:///extbin/local/openvscode-server/out/vs/workbench/api/node/extensionHostProcess.js:29:9459)
	at Km.A (file:///extbin/local/openvscode-server/out/vs/workbench/api/node/extensionHostProcess.js:29:12575)
	at Th.value (file:///extbin/local/openvscode-server/out/vs/workbench/api/node/extensionHostProcess.js:29:10995)
	at P.B (file:///extbin/local/openvscode-server/out/vs/workbench/api/node/extensionHostProcess.js:27:2375)
	at P.fire (file:///extbin/local/openvscode-server/out/vs/workbench/api/node/extensionHostProcess.js:27:2593)
	at U6.acceptChunk (file:///extbin/local/openvscode-server/out/vs/workbench/api/node/extensionHostProcess.js:29:7942)
	at Th.value (file:///extbin/local/openvscode-server/out/vs/workbench/api/node/extensionHostProcess.js:29:7228)
	at P.B (file:///extbin/local/openvscode-server/out/vs/workbench/api/node/extensionHostProcess.js:27:2375)
	at P.fire (file:///extbin/local/openvscode-server/out/vs/workbench/api/node/extensionHostProcess.js:27:2593)
	at TT.z (file:///extbin/local/openvscode-server/out/vs/workbench/api/node/extensionHostProcess.js:29:21727) setContext undefined
2025-07-16 04:50:25.444 [error] Canceled: Canceled
	at Vc (file:///extbin/local/openvscode-server/out/vs/workbench/api/node/extensionHostProcess.js:7:1218)
	at file:///extbin/local/openvscode-server/out/vs/workbench/api/node/extensionHostProcess.js:29:129186
	at Array.forEach (<anonymous>)
	at s4.dispose (file:///extbin/local/openvscode-server/out/vs/workbench/api/node/extensionHostProcess.js:29:129126)
	at wV.terminate (file:///extbin/local/openvscode-server/out/vs/workbench/api/node/extensionHostProcess.js:115:10084)
	at aP.terminate (file:///extbin/local/openvscode-server/out/vs/workbench/api/node/extensionHostProcess.js:116:1434)
	at es (file:///extbin/local/openvscode-server/out/vs/workbench/api/node/extensionHostProcess.js:197:5701)
	at Th.value (file:///extbin/local/openvscode-server/out/vs/workbench/api/node/extensionHostProcess.js:197:3862)
	at P.B (file:///extbin/local/openvscode-server/out/vs/workbench/api/node/extensionHostProcess.js:27:2375)
	at P.fire (file:///extbin/local/openvscode-server/out/vs/workbench/api/node/extensionHostProcess.js:27:2593)
	at Qn.fire (file:///extbin/local/openvscode-server/out/vs/workbench/api/node/extensionHostProcess.js:29:9459)
	at Km.A (file:///extbin/local/openvscode-server/out/vs/workbench/api/node/extensionHostProcess.js:29:12575)
	at Th.value (file:///extbin/local/openvscode-server/out/vs/workbench/api/node/extensionHostProcess.js:29:10995)
	at P.B (file:///extbin/local/openvscode-server/out/vs/workbench/api/node/extensionHostProcess.js:27:2375)
	at P.fire (file:///extbin/local/openvscode-server/out/vs/workbench/api/node/extensionHostProcess.js:27:2593)
	at U6.acceptChunk (file:///extbin/local/openvscode-server/out/vs/workbench/api/node/extensionHostProcess.js:29:7942)
	at Th.value (file:///extbin/local/openvscode-server/out/vs/workbench/api/node/extensionHostProcess.js:29:7228)
	at P.B (file:///extbin/local/openvscode-server/out/vs/workbench/api/node/extensionHostProcess.js:27:2375)
	at P.fire (file:///extbin/local/openvscode-server/out/vs/workbench/api/node/extensionHostProcess.js:27:2593)
	at TT.z (file:///extbin/local/openvscode-server/out/vs/workbench/api/node/extensionHostProcess.js:29:21727) setContext undefined
2025-07-16 04:50:25.444 [error] Canceled: Canceled
	at Vc (file:///extbin/local/openvscode-server/out/vs/workbench/api/node/extensionHostProcess.js:7:1218)
	at file:///extbin/local/openvscode-server/out/vs/workbench/api/node/extensionHostProcess.js:29:129186
	at Array.forEach (<anonymous>)
	at s4.dispose (file:///extbin/local/openvscode-server/out/vs/workbench/api/node/extensionHostProcess.js:29:129126)
	at wV.terminate (file:///extbin/local/openvscode-server/out/vs/workbench/api/node/extensionHostProcess.js:115:10084)
	at aP.terminate (file:///extbin/local/openvscode-server/out/vs/workbench/api/node/extensionHostProcess.js:116:1434)
	at es (file:///extbin/local/openvscode-server/out/vs/workbench/api/node/extensionHostProcess.js:197:5701)
	at Th.value (file:///extbin/local/openvscode-server/out/vs/workbench/api/node/extensionHostProcess.js:197:3862)
	at P.B (file:///extbin/local/openvscode-server/out/vs/workbench/api/node/extensionHostProcess.js:27:2375)
	at P.fire (file:///extbin/local/openvscode-server/out/vs/workbench/api/node/extensionHostProcess.js:27:2593)
	at Qn.fire (file:///extbin/local/openvscode-server/out/vs/workbench/api/node/extensionHostProcess.js:29:9459)
	at Km.A (file:///extbin/local/openvscode-server/out/vs/workbench/api/node/extensionHostProcess.js:29:12575)
	at Th.value (file:///extbin/local/openvscode-server/out/vs/workbench/api/node/extensionHostProcess.js:29:10995)
	at P.B (file:///extbin/local/openvscode-server/out/vs/workbench/api/node/extensionHostProcess.js:27:2375)
	at P.fire (file:///extbin/local/openvscode-server/out/vs/workbench/api/node/extensionHostProcess.js:27:2593)
	at U6.acceptChunk (file:///extbin/local/openvscode-server/out/vs/workbench/api/node/extensionHostProcess.js:29:7942)
	at Th.value (file:///extbin/local/openvscode-server/out/vs/workbench/api/node/extensionHostProcess.js:29:7228)
	at P.B (file:///extbin/local/openvscode-server/out/vs/workbench/api/node/extensionHostProcess.js:27:2375)
	at P.fire (file:///extbin/local/openvscode-server/out/vs/workbench/api/node/extensionHostProcess.js:27:2593)
	at TT.z (file:///extbin/local/openvscode-server/out/vs/workbench/api/node/extensionHostProcess.js:29:21727) setContext undefined
2025-07-16 04:50:25.444 [error] Canceled: Canceled
	at Vc (file:///extbin/local/openvscode-server/out/vs/workbench/api/node/extensionHostProcess.js:7:1218)
	at file:///extbin/local/openvscode-server/out/vs/workbench/api/node/extensionHostProcess.js:29:129186
	at Array.forEach (<anonymous>)
	at s4.dispose (file:///extbin/local/openvscode-server/out/vs/workbench/api/node/extensionHostProcess.js:29:129126)
	at wV.terminate (file:///extbin/local/openvscode-server/out/vs/workbench/api/node/extensionHostProcess.js:115:10084)
	at aP.terminate (file:///extbin/local/openvscode-server/out/vs/workbench/api/node/extensionHostProcess.js:116:1434)
	at es (file:///extbin/local/openvscode-server/out/vs/workbench/api/node/extensionHostProcess.js:197:5701)
	at Th.value (file:///extbin/local/openvscode-server/out/vs/workbench/api/node/extensionHostProcess.js:197:3862)
	at P.B (file:///extbin/local/openvscode-server/out/vs/workbench/api/node/extensionHostProcess.js:27:2375)
	at P.fire (file:///extbin/local/openvscode-server/out/vs/workbench/api/node/extensionHostProcess.js:27:2593)
	at Qn.fire (file:///extbin/local/openvscode-server/out/vs/workbench/api/node/extensionHostProcess.js:29:9459)
	at Km.A (file:///extbin/local/openvscode-server/out/vs/workbench/api/node/extensionHostProcess.js:29:12575)
	at Th.value (file:///extbin/local/openvscode-server/out/vs/workbench/api/node/extensionHostProcess.js:29:10995)
	at P.B (file:///extbin/local/openvscode-server/out/vs/workbench/api/node/extensionHostProcess.js:27:2375)
	at P.fire (file:///extbin/local/openvscode-server/out/vs/workbench/api/node/extensionHostProcess.js:27:2593)
	at U6.acceptChunk (file:///extbin/local/openvscode-server/out/vs/workbench/api/node/extensionHostProcess.js:29:7942)
	at Th.value (file:///extbin/local/openvscode-server/out/vs/workbench/api/node/extensionHostProcess.js:29:7228)
	at P.B (file:///extbin/local/openvscode-server/out/vs/workbench/api/node/extensionHostProcess.js:27:2375)
	at P.fire (file:///extbin/local/openvscode-server/out/vs/workbench/api/node/extensionHostProcess.js:27:2593)
	at TT.z (file:///extbin/local/openvscode-server/out/vs/workbench/api/node/extensionHostProcess.js:29:21727) setContext undefined
2025-07-16 04:50:25.444 [error] Canceled: Canceled
	at Vc (file:///extbin/local/openvscode-server/out/vs/workbench/api/node/extensionHostProcess.js:7:1218)
	at file:///extbin/local/openvscode-server/out/vs/workbench/api/node/extensionHostProcess.js:29:129186
	at Array.forEach (<anonymous>)
	at s4.dispose (file:///extbin/local/openvscode-server/out/vs/workbench/api/node/extensionHostProcess.js:29:129126)
	at wV.terminate (file:///extbin/local/openvscode-server/out/vs/workbench/api/node/extensionHostProcess.js:115:10084)
	at aP.terminate (file:///extbin/local/openvscode-server/out/vs/workbench/api/node/extensionHostProcess.js:116:1434)
	at es (file:///extbin/local/openvscode-server/out/vs/workbench/api/node/extensionHostProcess.js:197:5701)
	at Th.value (file:///extbin/local/openvscode-server/out/vs/workbench/api/node/extensionHostProcess.js:197:3862)
	at P.B (file:///extbin/local/openvscode-server/out/vs/workbench/api/node/extensionHostProcess.js:27:2375)
	at P.fire (file:///extbin/local/openvscode-server/out/vs/workbench/api/node/extensionHostProcess.js:27:2593)
	at Qn.fire (file:///extbin/local/openvscode-server/out/vs/workbench/api/node/extensionHostProcess.js:29:9459)
	at Km.A (file:///extbin/local/openvscode-server/out/vs/workbench/api/node/extensionHostProcess.js:29:12575)
	at Th.value (file:///extbin/local/openvscode-server/out/vs/workbench/api/node/extensionHostProcess.js:29:10995)
	at P.B (file:///extbin/local/openvscode-server/out/vs/workbench/api/node/extensionHostProcess.js:27:2375)
	at P.fire (file:///extbin/local/openvscode-server/out/vs/workbench/api/node/extensionHostProcess.js:27:2593)
	at U6.acceptChunk (file:///extbin/local/openvscode-server/out/vs/workbench/api/node/extensionHostProcess.js:29:7942)
	at Th.value (file:///extbin/local/openvscode-server/out/vs/workbench/api/node/extensionHostProcess.js:29:7228)
	at P.B (file:///extbin/local/openvscode-server/out/vs/workbench/api/node/extensionHostProcess.js:27:2375)
	at P.fire (file:///extbin/local/openvscode-server/out/vs/workbench/api/node/extensionHostProcess.js:27:2593)
	at TT.z (file:///extbin/local/openvscode-server/out/vs/workbench/api/node/extensionHostProcess.js:29:21727) setContext undefined
2025-07-16 04:50:25.444 [error] Canceled: Canceled
	at Vc (file:///extbin/local/openvscode-server/out/vs/workbench/api/node/extensionHostProcess.js:7:1218)
	at file:///extbin/local/openvscode-server/out/vs/workbench/api/node/extensionHostProcess.js:29:129186
	at Array.forEach (<anonymous>)
	at s4.dispose (file:///extbin/local/openvscode-server/out/vs/workbench/api/node/extensionHostProcess.js:29:129126)
	at wV.terminate (file:///extbin/local/openvscode-server/out/vs/workbench/api/node/extensionHostProcess.js:115:10084)
	at aP.terminate (file:///extbin/local/openvscode-server/out/vs/workbench/api/node/extensionHostProcess.js:116:1434)
	at es (file:///extbin/local/openvscode-server/out/vs/workbench/api/node/extensionHostProcess.js:197:5701)
	at Th.value (file:///extbin/local/openvscode-server/out/vs/workbench/api/node/extensionHostProcess.js:197:3862)
	at P.B (file:///extbin/local/openvscode-server/out/vs/workbench/api/node/extensionHostProcess.js:27:2375)
	at P.fire (file:///extbin/local/openvscode-server/out/vs/workbench/api/node/extensionHostProcess.js:27:2593)
	at Qn.fire (file:///extbin/local/openvscode-server/out/vs/workbench/api/node/extensionHostProcess.js:29:9459)
	at Km.A (file:///extbin/local/openvscode-server/out/vs/workbench/api/node/extensionHostProcess.js:29:12575)
	at Th.value (file:///extbin/local/openvscode-server/out/vs/workbench/api/node/extensionHostProcess.js:29:10995)
	at P.B (file:///extbin/local/openvscode-server/out/vs/workbench/api/node/extensionHostProcess.js:27:2375)
	at P.fire (file:///extbin/local/openvscode-server/out/vs/workbench/api/node/extensionHostProcess.js:27:2593)
	at U6.acceptChunk (file:///extbin/local/openvscode-server/out/vs/workbench/api/node/extensionHostProcess.js:29:7942)
	at Th.value (file:///extbin/local/openvscode-server/out/vs/workbench/api/node/extensionHostProcess.js:29:7228)
	at P.B (file:///extbin/local/openvscode-server/out/vs/workbench/api/node/extensionHostProcess.js:27:2375)
	at P.fire (file:///extbin/local/openvscode-server/out/vs/workbench/api/node/extensionHostProcess.js:27:2593)
	at TT.z (file:///extbin/local/openvscode-server/out/vs/workbench/api/node/extensionHostProcess.js:29:21727) setContext undefined
2025-07-16 04:50:25.444 [error] Canceled: Canceled
	at Vc (file:///extbin/local/openvscode-server/out/vs/workbench/api/node/extensionHostProcess.js:7:1218)
	at file:///extbin/local/openvscode-server/out/vs/workbench/api/node/extensionHostProcess.js:29:129186
	at Array.forEach (<anonymous>)
	at s4.dispose (file:///extbin/local/openvscode-server/out/vs/workbench/api/node/extensionHostProcess.js:29:129126)
	at wV.terminate (file:///extbin/local/openvscode-server/out/vs/workbench/api/node/extensionHostProcess.js:115:10084)
	at aP.terminate (file:///extbin/local/openvscode-server/out/vs/workbench/api/node/extensionHostProcess.js:116:1434)
	at es (file:///extbin/local/openvscode-server/out/vs/workbench/api/node/extensionHostProcess.js:197:5701)
	at Th.value (file:///extbin/local/openvscode-server/out/vs/workbench/api/node/extensionHostProcess.js:197:3862)
	at P.B (file:///extbin/local/openvscode-server/out/vs/workbench/api/node/extensionHostProcess.js:27:2375)
	at P.fire (file:///extbin/local/openvscode-server/out/vs/workbench/api/node/extensionHostProcess.js:27:2593)
	at Qn.fire (file:///extbin/local/openvscode-server/out/vs/workbench/api/node/extensionHostProcess.js:29:9459)
	at Km.A (file:///extbin/local/openvscode-server/out/vs/workbench/api/node/extensionHostProcess.js:29:12575)
	at Th.value (file:///extbin/local/openvscode-server/out/vs/workbench/api/node/extensionHostProcess.js:29:10995)
	at P.B (file:///extbin/local/openvscode-server/out/vs/workbench/api/node/extensionHostProcess.js:27:2375)
	at P.fire (file:///extbin/local/openvscode-server/out/vs/workbench/api/node/extensionHostProcess.js:27:2593)
	at U6.acceptChunk (file:///extbin/local/openvscode-server/out/vs/workbench/api/node/extensionHostProcess.js:29:7942)
	at Th.value (file:///extbin/local/openvscode-server/out/vs/workbench/api/node/extensionHostProcess.js:29:7228)
	at P.B (file:///extbin/local/openvscode-server/out/vs/workbench/api/node/extensionHostProcess.js:27:2375)
	at P.fire (file:///extbin/local/openvscode-server/out/vs/workbench/api/node/extensionHostProcess.js:27:2593)
	at TT.z (file:///extbin/local/openvscode-server/out/vs/workbench/api/node/extensionHostProcess.js:29:21727) setContext undefined
2025-07-16 04:50:25.444 [error] Canceled: Canceled
	at Vc (file:///extbin/local/openvscode-server/out/vs/workbench/api/node/extensionHostProcess.js:7:1218)
	at file:///extbin/local/openvscode-server/out/vs/workbench/api/node/extensionHostProcess.js:29:129186
	at Array.forEach (<anonymous>)
	at s4.dispose (file:///extbin/local/openvscode-server/out/vs/workbench/api/node/extensionHostProcess.js:29:129126)
	at wV.terminate (file:///extbin/local/openvscode-server/out/vs/workbench/api/node/extensionHostProcess.js:115:10084)
	at aP.terminate (file:///extbin/local/openvscode-server/out/vs/workbench/api/node/extensionHostProcess.js:116:1434)
	at es (file:///extbin/local/openvscode-server/out/vs/workbench/api/node/extensionHostProcess.js:197:5701)
	at Th.value (file:///extbin/local/openvscode-server/out/vs/workbench/api/node/extensionHostProcess.js:197:3862)
	at P.B (file:///extbin/local/openvscode-server/out/vs/workbench/api/node/extensionHostProcess.js:27:2375)
	at P.fire (file:///extbin/local/openvscode-server/out/vs/workbench/api/node/extensionHostProcess.js:27:2593)
	at Qn.fire (file:///extbin/local/openvscode-server/out/vs/workbench/api/node/extensionHostProcess.js:29:9459)
	at Km.A (file:///extbin/local/openvscode-server/out/vs/workbench/api/node/extensionHostProcess.js:29:12575)
	at Th.value (file:///extbin/local/openvscode-server/out/vs/workbench/api/node/extensionHostProcess.js:29:10995)
	at P.B (file:///extbin/local/openvscode-server/out/vs/workbench/api/node/extensionHostProcess.js:27:2375)
	at P.fire (file:///extbin/local/openvscode-server/out/vs/workbench/api/node/extensionHostProcess.js:27:2593)
	at U6.acceptChunk (file:///extbin/local/openvscode-server/out/vs/workbench/api/node/extensionHostProcess.js:29:7942)
	at Th.value (file:///extbin/local/openvscode-server/out/vs/workbench/api/node/extensionHostProcess.js:29:7228)
	at P.B (file:///extbin/local/openvscode-server/out/vs/workbench/api/node/extensionHostProcess.js:27:2375)
	at P.fire (file:///extbin/local/openvscode-server/out/vs/workbench/api/node/extensionHostProcess.js:27:2593)
	at TT.z (file:///extbin/local/openvscode-server/out/vs/workbench/api/node/extensionHostProcess.js:29:21727) setContext undefined
2025-07-16 04:50:25.444 [error] Canceled: Canceled
	at Vc (file:///extbin/local/openvscode-server/out/vs/workbench/api/node/extensionHostProcess.js:7:1218)
	at file:///extbin/local/openvscode-server/out/vs/workbench/api/node/extensionHostProcess.js:29:129186
	at Array.forEach (<anonymous>)
	at s4.dispose (file:///extbin/local/openvscode-server/out/vs/workbench/api/node/extensionHostProcess.js:29:129126)
	at wV.terminate (file:///extbin/local/openvscode-server/out/vs/workbench/api/node/extensionHostProcess.js:115:10084)
	at aP.terminate (file:///extbin/local/openvscode-server/out/vs/workbench/api/node/extensionHostProcess.js:116:1434)
	at es (file:///extbin/local/openvscode-server/out/vs/workbench/api/node/extensionHostProcess.js:197:5701)
	at Th.value (file:///extbin/local/openvscode-server/out/vs/workbench/api/node/extensionHostProcess.js:197:3862)
	at P.B (file:///extbin/local/openvscode-server/out/vs/workbench/api/node/extensionHostProcess.js:27:2375)
	at P.fire (file:///extbin/local/openvscode-server/out/vs/workbench/api/node/extensionHostProcess.js:27:2593)
	at Qn.fire (file:///extbin/local/openvscode-server/out/vs/workbench/api/node/extensionHostProcess.js:29:9459)
	at Km.A (file:///extbin/local/openvscode-server/out/vs/workbench/api/node/extensionHostProcess.js:29:12575)
	at Th.value (file:///extbin/local/openvscode-server/out/vs/workbench/api/node/extensionHostProcess.js:29:10995)
	at P.B (file:///extbin/local/openvscode-server/out/vs/workbench/api/node/extensionHostProcess.js:27:2375)
	at P.fire (file:///extbin/local/openvscode-server/out/vs/workbench/api/node/extensionHostProcess.js:27:2593)
	at U6.acceptChunk (file:///extbin/local/openvscode-server/out/vs/workbench/api/node/extensionHostProcess.js:29:7942)
	at Th.value (file:///extbin/local/openvscode-server/out/vs/workbench/api/node/extensionHostProcess.js:29:7228)
	at P.B (file:///extbin/local/openvscode-server/out/vs/workbench/api/node/extensionHostProcess.js:27:2375)
	at P.fire (file:///extbin/local/openvscode-server/out/vs/workbench/api/node/extensionHostProcess.js:27:2593)
	at TT.z (file:///extbin/local/openvscode-server/out/vs/workbench/api/node/extensionHostProcess.js:29:21727) setContext undefined
2025-07-16 04:50:25.444 [error] Canceled: Canceled
	at Vc (file:///extbin/local/openvscode-server/out/vs/workbench/api/node/extensionHostProcess.js:7:1218)
	at file:///extbin/local/openvscode-server/out/vs/workbench/api/node/extensionHostProcess.js:29:129186
	at Array.forEach (<anonymous>)
	at s4.dispose (file:///extbin/local/openvscode-server/out/vs/workbench/api/node/extensionHostProcess.js:29:129126)
	at wV.terminate (file:///extbin/local/openvscode-server/out/vs/workbench/api/node/extensionHostProcess.js:115:10084)
	at aP.terminate (file:///extbin/local/openvscode-server/out/vs/workbench/api/node/extensionHostProcess.js:116:1434)
	at es (file:///extbin/local/openvscode-server/out/vs/workbench/api/node/extensionHostProcess.js:197:5701)
	at Th.value (file:///extbin/local/openvscode-server/out/vs/workbench/api/node/extensionHostProcess.js:197:3862)
	at P.B (file:///extbin/local/openvscode-server/out/vs/workbench/api/node/extensionHostProcess.js:27:2375)
	at P.fire (file:///extbin/local/openvscode-server/out/vs/workbench/api/node/extensionHostProcess.js:27:2593)
	at Qn.fire (file:///extbin/local/openvscode-server/out/vs/workbench/api/node/extensionHostProcess.js:29:9459)
	at Km.A (file:///extbin/local/openvscode-server/out/vs/workbench/api/node/extensionHostProcess.js:29:12575)
	at Th.value (file:///extbin/local/openvscode-server/out/vs/workbench/api/node/extensionHostProcess.js:29:10995)
	at P.B (file:///extbin/local/openvscode-server/out/vs/workbench/api/node/extensionHostProcess.js:27:2375)
	at P.fire (file:///extbin/local/openvscode-server/out/vs/workbench/api/node/extensionHostProcess.js:27:2593)
	at U6.acceptChunk (file:///extbin/local/openvscode-server/out/vs/workbench/api/node/extensionHostProcess.js:29:7942)
	at Th.value (file:///extbin/local/openvscode-server/out/vs/workbench/api/node/extensionHostProcess.js:29:7228)
	at P.B (file:///extbin/local/openvscode-server/out/vs/workbench/api/node/extensionHostProcess.js:27:2375)
	at P.fire (file:///extbin/local/openvscode-server/out/vs/workbench/api/node/extensionHostProcess.js:27:2593)
	at TT.z (file:///extbin/local/openvscode-server/out/vs/workbench/api/node/extensionHostProcess.js:29:21727) setContext undefined
2025-07-16 04:50:25.445 [error] Canceled: Canceled
	at Vc (file:///extbin/local/openvscode-server/out/vs/workbench/api/node/extensionHostProcess.js:7:1218)
	at file:///extbin/local/openvscode-server/out/vs/workbench/api/node/extensionHostProcess.js:29:129186
	at Array.forEach (<anonymous>)
	at s4.dispose (file:///extbin/local/openvscode-server/out/vs/workbench/api/node/extensionHostProcess.js:29:129126)
	at wV.terminate (file:///extbin/local/openvscode-server/out/vs/workbench/api/node/extensionHostProcess.js:115:10084)
	at aP.terminate (file:///extbin/local/openvscode-server/out/vs/workbench/api/node/extensionHostProcess.js:116:1434)
	at es (file:///extbin/local/openvscode-server/out/vs/workbench/api/node/extensionHostProcess.js:197:5701)
	at Th.value (file:///extbin/local/openvscode-server/out/vs/workbench/api/node/extensionHostProcess.js:197:3862)
	at P.B (file:///extbin/local/openvscode-server/out/vs/workbench/api/node/extensionHostProcess.js:27:2375)
	at P.fire (file:///extbin/local/openvscode-server/out/vs/workbench/api/node/extensionHostProcess.js:27:2593)
	at Qn.fire (file:///extbin/local/openvscode-server/out/vs/workbench/api/node/extensionHostProcess.js:29:9459)
	at Km.A (file:///extbin/local/openvscode-server/out/vs/workbench/api/node/extensionHostProcess.js:29:12575)
	at Th.value (file:///extbin/local/openvscode-server/out/vs/workbench/api/node/extensionHostProcess.js:29:10995)
	at P.B (file:///extbin/local/openvscode-server/out/vs/workbench/api/node/extensionHostProcess.js:27:2375)
	at P.fire (file:///extbin/local/openvscode-server/out/vs/workbench/api/node/extensionHostProcess.js:27:2593)
	at U6.acceptChunk (file:///extbin/local/openvscode-server/out/vs/workbench/api/node/extensionHostProcess.js:29:7942)
	at Th.value (file:///extbin/local/openvscode-server/out/vs/workbench/api/node/extensionHostProcess.js:29:7228)
	at P.B (file:///extbin/local/openvscode-server/out/vs/workbench/api/node/extensionHostProcess.js:27:2375)
	at P.fire (file:///extbin/local/openvscode-server/out/vs/workbench/api/node/extensionHostProcess.js:27:2593)
	at TT.z (file:///extbin/local/openvscode-server/out/vs/workbench/api/node/extensionHostProcess.js:29:21727) setContext undefined
2025-07-16 04:50:25.445 [error] Canceled: Canceled
	at Vc (file:///extbin/local/openvscode-server/out/vs/workbench/api/node/extensionHostProcess.js:7:1218)
	at file:///extbin/local/openvscode-server/out/vs/workbench/api/node/extensionHostProcess.js:29:129186
	at Array.forEach (<anonymous>)
	at s4.dispose (file:///extbin/local/openvscode-server/out/vs/workbench/api/node/extensionHostProcess.js:29:129126)
	at wV.terminate (file:///extbin/local/openvscode-server/out/vs/workbench/api/node/extensionHostProcess.js:115:10084)
	at aP.terminate (file:///extbin/local/openvscode-server/out/vs/workbench/api/node/extensionHostProcess.js:116:1434)
	at es (file:///extbin/local/openvscode-server/out/vs/workbench/api/node/extensionHostProcess.js:197:5701)
	at Th.value (file:///extbin/local/openvscode-server/out/vs/workbench/api/node/extensionHostProcess.js:197:3862)
	at P.B (file:///extbin/local/openvscode-server/out/vs/workbench/api/node/extensionHostProcess.js:27:2375)
	at P.fire (file:///extbin/local/openvscode-server/out/vs/workbench/api/node/extensionHostProcess.js:27:2593)
	at Qn.fire (file:///extbin/local/openvscode-server/out/vs/workbench/api/node/extensionHostProcess.js:29:9459)
	at Km.A (file:///extbin/local/openvscode-server/out/vs/workbench/api/node/extensionHostProcess.js:29:12575)
	at Th.value (file:///extbin/local/openvscode-server/out/vs/workbench/api/node/extensionHostProcess.js:29:10995)
	at P.B (file:///extbin/local/openvscode-server/out/vs/workbench/api/node/extensionHostProcess.js:27:2375)
	at P.fire (file:///extbin/local/openvscode-server/out/vs/workbench/api/node/extensionHostProcess.js:27:2593)
	at U6.acceptChunk (file:///extbin/local/openvscode-server/out/vs/workbench/api/node/extensionHostProcess.js:29:7942)
	at Th.value (file:///extbin/local/openvscode-server/out/vs/workbench/api/node/extensionHostProcess.js:29:7228)
	at P.B (file:///extbin/local/openvscode-server/out/vs/workbench/api/node/extensionHostProcess.js:27:2375)
	at P.fire (file:///extbin/local/openvscode-server/out/vs/workbench/api/node/extensionHostProcess.js:27:2593)
	at TT.z (file:///extbin/local/openvscode-server/out/vs/workbench/api/node/extensionHostProcess.js:29:21727) setContext undefined
2025-07-16 04:50:25.445 [error] Canceled: Canceled
	at Vc (file:///extbin/local/openvscode-server/out/vs/workbench/api/node/extensionHostProcess.js:7:1218)
	at file:///extbin/local/openvscode-server/out/vs/workbench/api/node/extensionHostProcess.js:29:129186
	at Array.forEach (<anonymous>)
	at s4.dispose (file:///extbin/local/openvscode-server/out/vs/workbench/api/node/extensionHostProcess.js:29:129126)
	at wV.terminate (file:///extbin/local/openvscode-server/out/vs/workbench/api/node/extensionHostProcess.js:115:10084)
	at aP.terminate (file:///extbin/local/openvscode-server/out/vs/workbench/api/node/extensionHostProcess.js:116:1434)
	at es (file:///extbin/local/openvscode-server/out/vs/workbench/api/node/extensionHostProcess.js:197:5701)
	at Th.value (file:///extbin/local/openvscode-server/out/vs/workbench/api/node/extensionHostProcess.js:197:3862)
	at P.B (file:///extbin/local/openvscode-server/out/vs/workbench/api/node/extensionHostProcess.js:27:2375)
	at P.fire (file:///extbin/local/openvscode-server/out/vs/workbench/api/node/extensionHostProcess.js:27:2593)
	at Qn.fire (file:///extbin/local/openvscode-server/out/vs/workbench/api/node/extensionHostProcess.js:29:9459)
	at Km.A (file:///extbin/local/openvscode-server/out/vs/workbench/api/node/extensionHostProcess.js:29:12575)
	at Th.value (file:///extbin/local/openvscode-server/out/vs/workbench/api/node/extensionHostProcess.js:29:10995)
	at P.B (file:///extbin/local/openvscode-server/out/vs/workbench/api/node/extensionHostProcess.js:27:2375)
	at P.fire (file:///extbin/local/openvscode-server/out/vs/workbench/api/node/extensionHostProcess.js:27:2593)
	at U6.acceptChunk (file:///extbin/local/openvscode-server/out/vs/workbench/api/node/extensionHostProcess.js:29:7942)
	at Th.value (file:///extbin/local/openvscode-server/out/vs/workbench/api/node/extensionHostProcess.js:29:7228)
	at P.B (file:///extbin/local/openvscode-server/out/vs/workbench/api/node/extensionHostProcess.js:27:2375)
	at P.fire (file:///extbin/local/openvscode-server/out/vs/workbench/api/node/extensionHostProcess.js:27:2593)
	at TT.z (file:///extbin/local/openvscode-server/out/vs/workbench/api/node/extensionHostProcess.js:29:21727) setContext undefined
2025-07-16 04:50:25.445 [error] Canceled: Canceled
	at Vc (file:///extbin/local/openvscode-server/out/vs/workbench/api/node/extensionHostProcess.js:7:1218)
	at file:///extbin/local/openvscode-server/out/vs/workbench/api/node/extensionHostProcess.js:29:129186
	at Array.forEach (<anonymous>)
	at s4.dispose (file:///extbin/local/openvscode-server/out/vs/workbench/api/node/extensionHostProcess.js:29:129126)
	at wV.terminate (file:///extbin/local/openvscode-server/out/vs/workbench/api/node/extensionHostProcess.js:115:10084)
	at aP.terminate (file:///extbin/local/openvscode-server/out/vs/workbench/api/node/extensionHostProcess.js:116:1434)
	at es (file:///extbin/local/openvscode-server/out/vs/workbench/api/node/extensionHostProcess.js:197:5701)
	at Th.value (file:///extbin/local/openvscode-server/out/vs/workbench/api/node/extensionHostProcess.js:197:3862)
	at P.B (file:///extbin/local/openvscode-server/out/vs/workbench/api/node/extensionHostProcess.js:27:2375)
	at P.fire (file:///extbin/local/openvscode-server/out/vs/workbench/api/node/extensionHostProcess.js:27:2593)
	at Qn.fire (file:///extbin/local/openvscode-server/out/vs/workbench/api/node/extensionHostProcess.js:29:9459)
	at Km.A (file:///extbin/local/openvscode-server/out/vs/workbench/api/node/extensionHostProcess.js:29:12575)
	at Th.value (file:///extbin/local/openvscode-server/out/vs/workbench/api/node/extensionHostProcess.js:29:10995)
	at P.B (file:///extbin/local/openvscode-server/out/vs/workbench/api/node/extensionHostProcess.js:27:2375)
	at P.fire (file:///extbin/local/openvscode-server/out/vs/workbench/api/node/extensionHostProcess.js:27:2593)
	at U6.acceptChunk (file:///extbin/local/openvscode-server/out/vs/workbench/api/node/extensionHostProcess.js:29:7942)
	at Th.value (file:///extbin/local/openvscode-server/out/vs/workbench/api/node/extensionHostProcess.js:29:7228)
	at P.B (file:///extbin/local/openvscode-server/out/vs/workbench/api/node/extensionHostProcess.js:27:2375)
	at P.fire (file:///extbin/local/openvscode-server/out/vs/workbench/api/node/extensionHostProcess.js:27:2593)
	at TT.z (file:///extbin/local/openvscode-server/out/vs/workbench/api/node/extensionHostProcess.js:29:21727) setContext undefined
2025-07-16 04:50:25.445 [error] Canceled: Canceled
	at Vc (file:///extbin/local/openvscode-server/out/vs/workbench/api/node/extensionHostProcess.js:7:1218)
	at file:///extbin/local/openvscode-server/out/vs/workbench/api/node/extensionHostProcess.js:29:129186
	at Array.forEach (<anonymous>)
	at s4.dispose (file:///extbin/local/openvscode-server/out/vs/workbench/api/node/extensionHostProcess.js:29:129126)
	at wV.terminate (file:///extbin/local/openvscode-server/out/vs/workbench/api/node/extensionHostProcess.js:115:10084)
	at aP.terminate (file:///extbin/local/openvscode-server/out/vs/workbench/api/node/extensionHostProcess.js:116:1434)
	at es (file:///extbin/local/openvscode-server/out/vs/workbench/api/node/extensionHostProcess.js:197:5701)
	at Th.value (file:///extbin/local/openvscode-server/out/vs/workbench/api/node/extensionHostProcess.js:197:3862)
	at P.B (file:///extbin/local/openvscode-server/out/vs/workbench/api/node/extensionHostProcess.js:27:2375)
	at P.fire (file:///extbin/local/openvscode-server/out/vs/workbench/api/node/extensionHostProcess.js:27:2593)
	at Qn.fire (file:///extbin/local/openvscode-server/out/vs/workbench/api/node/extensionHostProcess.js:29:9459)
	at Km.A (file:///extbin/local/openvscode-server/out/vs/workbench/api/node/extensionHostProcess.js:29:12575)
	at Th.value (file:///extbin/local/openvscode-server/out/vs/workbench/api/node/extensionHostProcess.js:29:10995)
	at P.B (file:///extbin/local/openvscode-server/out/vs/workbench/api/node/extensionHostProcess.js:27:2375)
	at P.fire (file:///extbin/local/openvscode-server/out/vs/workbench/api/node/extensionHostProcess.js:27:2593)
	at U6.acceptChunk (file:///extbin/local/openvscode-server/out/vs/workbench/api/node/extensionHostProcess.js:29:7942)
	at Th.value (file:///extbin/local/openvscode-server/out/vs/workbench/api/node/extensionHostProcess.js:29:7228)
	at P.B (file:///extbin/local/openvscode-server/out/vs/workbench/api/node/extensionHostProcess.js:27:2375)
	at P.fire (file:///extbin/local/openvscode-server/out/vs/workbench/api/node/extensionHostProcess.js:27:2593)
	at TT.z (file:///extbin/local/openvscode-server/out/vs/workbench/api/node/extensionHostProcess.js:29:21727) setContext undefined
2025-07-16 04:50:25.445 [error] Canceled: Canceled
	at Vc (file:///extbin/local/openvscode-server/out/vs/workbench/api/node/extensionHostProcess.js:7:1218)
	at file:///extbin/local/openvscode-server/out/vs/workbench/api/node/extensionHostProcess.js:29:129186
	at Array.forEach (<anonymous>)
	at s4.dispose (file:///extbin/local/openvscode-server/out/vs/workbench/api/node/extensionHostProcess.js:29:129126)
	at wV.terminate (file:///extbin/local/openvscode-server/out/vs/workbench/api/node/extensionHostProcess.js:115:10084)
	at aP.terminate (file:///extbin/local/openvscode-server/out/vs/workbench/api/node/extensionHostProcess.js:116:1434)
	at es (file:///extbin/local/openvscode-server/out/vs/workbench/api/node/extensionHostProcess.js:197:5701)
	at Th.value (file:///extbin/local/openvscode-server/out/vs/workbench/api/node/extensionHostProcess.js:197:3862)
	at P.B (file:///extbin/local/openvscode-server/out/vs/workbench/api/node/extensionHostProcess.js:27:2375)
	at P.fire (file:///extbin/local/openvscode-server/out/vs/workbench/api/node/extensionHostProcess.js:27:2593)
	at Qn.fire (file:///extbin/local/openvscode-server/out/vs/workbench/api/node/extensionHostProcess.js:29:9459)
	at Km.A (file:///extbin/local/openvscode-server/out/vs/workbench/api/node/extensionHostProcess.js:29:12575)
	at Th.value (file:///extbin/local/openvscode-server/out/vs/workbench/api/node/extensionHostProcess.js:29:10995)
	at P.B (file:///extbin/local/openvscode-server/out/vs/workbench/api/node/extensionHostProcess.js:27:2375)
	at P.fire (file:///extbin/local/openvscode-server/out/vs/workbench/api/node/extensionHostProcess.js:27:2593)
	at U6.acceptChunk (file:///extbin/local/openvscode-server/out/vs/workbench/api/node/extensionHostProcess.js:29:7942)
	at Th.value (file:///extbin/local/openvscode-server/out/vs/workbench/api/node/extensionHostProcess.js:29:7228)
	at P.B (file:///extbin/local/openvscode-server/out/vs/workbench/api/node/extensionHostProcess.js:27:2375)
	at P.fire (file:///extbin/local/openvscode-server/out/vs/workbench/api/node/extensionHostProcess.js:27:2593)
	at TT.z (file:///extbin/local/openvscode-server/out/vs/workbench/api/node/extensionHostProcess.js:29:21727) setContext undefined
2025-07-16 04:50:25.445 [error] Canceled: Canceled
	at Vc (file:///extbin/local/openvscode-server/out/vs/workbench/api/node/extensionHostProcess.js:7:1218)
	at file:///extbin/local/openvscode-server/out/vs/workbench/api/node/extensionHostProcess.js:29:129186
	at Array.forEach (<anonymous>)
	at s4.dispose (file:///extbin/local/openvscode-server/out/vs/workbench/api/node/extensionHostProcess.js:29:129126)
	at wV.terminate (file:///extbin/local/openvscode-server/out/vs/workbench/api/node/extensionHostProcess.js:115:10084)
	at aP.terminate (file:///extbin/local/openvscode-server/out/vs/workbench/api/node/extensionHostProcess.js:116:1434)
	at es (file:///extbin/local/openvscode-server/out/vs/workbench/api/node/extensionHostProcess.js:197:5701)
	at Th.value (file:///extbin/local/openvscode-server/out/vs/workbench/api/node/extensionHostProcess.js:197:3862)
	at P.B (file:///extbin/local/openvscode-server/out/vs/workbench/api/node/extensionHostProcess.js:27:2375)
	at P.fire (file:///extbin/local/openvscode-server/out/vs/workbench/api/node/extensionHostProcess.js:27:2593)
	at Qn.fire (file:///extbin/local/openvscode-server/out/vs/workbench/api/node/extensionHostProcess.js:29:9459)
	at Km.A (file:///extbin/local/openvscode-server/out/vs/workbench/api/node/extensionHostProcess.js:29:12575)
	at Th.value (file:///extbin/local/openvscode-server/out/vs/workbench/api/node/extensionHostProcess.js:29:10995)
	at P.B (file:///extbin/local/openvscode-server/out/vs/workbench/api/node/extensionHostProcess.js:27:2375)
	at P.fire (file:///extbin/local/openvscode-server/out/vs/workbench/api/node/extensionHostProcess.js:27:2593)
	at U6.acceptChunk (file:///extbin/local/openvscode-server/out/vs/workbench/api/node/extensionHostProcess.js:29:7942)
	at Th.value (file:///extbin/local/openvscode-server/out/vs/workbench/api/node/extensionHostProcess.js:29:7228)
	at P.B (file:///extbin/local/openvscode-server/out/vs/workbench/api/node/extensionHostProcess.js:27:2375)
	at P.fire (file:///extbin/local/openvscode-server/out/vs/workbench/api/node/extensionHostProcess.js:27:2593)
	at TT.z (file:///extbin/local/openvscode-server/out/vs/workbench/api/node/extensionHostProcess.js:29:21727) setContext undefined
2025-07-16 04:50:26.405 [error] Activating extension SAPSE.code-search failed due to an error:
2025-07-16 04:50:26.405 [error] Canceled: Canceled
	at new BR (file:///extbin/local/openvscode-server/out/vs/workbench/api/node/extensionHostProcess.js:29:127734)
	at s4.U (file:///extbin/local/openvscode-server/out/vs/workbench/api/node/extensionHostProcess.js:29:132345)
	at s.<computed>.n.charCodeAt.s.<computed> (file:///extbin/local/openvscode-server/out/vs/workbench/api/node/extensionHostProcess.js:29:129839)
	at nS.initializeExtensionStorage (file:///extbin/local/openvscode-server/out/vs/workbench/api/node/extensionHostProcess.js:111:14143)
	at new oS (file:///extbin/local/openvscode-server/out/vs/workbench/api/node/extensionHostProcess.js:111:14614)
	at new uM (file:///extbin/local/openvscode-server/out/vs/workbench/api/node/extensionHostProcess.js:111:15546)
	at wV.ib (file:///extbin/local/openvscode-server/out/vs/workbench/api/node/extensionHostProcess.js:115:13267)
	at wV.hb (file:///extbin/local/openvscode-server/out/vs/workbench/api/node/extensionHostProcess.js:115:12996)
	at wV.fb (file:///extbin/local/openvscode-server/out/vs/workbench/api/node/extensionHostProcess.js:115:12207)
	at Object.actualActivateExtension (file:///extbin/local/openvscode-server/out/vs/workbench/api/node/extensionHostProcess.js:115:9404)
	at cw.n (file:///extbin/local/openvscode-server/out/vs/workbench/api/node/extensionHostProcess.js:111:13372)
	at cw.m (file:///extbin/local/openvscode-server/out/vs/workbench/api/node/extensionHostProcess.js:111:13333)
	at cw.l (file:///extbin/local/openvscode-server/out/vs/workbench/api/node/extensionHostProcess.js:111:12789)
	at new cw (file:///extbin/local/openvscode-server/out/vs/workbench/api/node/extensionHostProcess.js:111:12716)
	at aw.k (file:///extbin/local/openvscode-server/out/vs/workbench/api/node/extensionHostProcess.js:111:12278)
	at aw.j (file:///extbin/local/openvscode-server/out/vs/workbench/api/node/extensionHostProcess.js:111:12233)
	at file:///extbin/local/openvscode-server/out/vs/workbench/api/node/extensionHostProcess.js:111:11204
	at Array.map (<anonymous>)
	at aw.h (file:///extbin/local/openvscode-server/out/vs/workbench/api/node/extensionHostProcess.js:111:11192)
	at aw.activateById (file:///extbin/local/openvscode-server/out/vs/workbench/api/node/extensionHostProcess.js:111:11104)
	at wV.bb (file:///extbin/local/openvscode-server/out/vs/workbench/api/node/extensionHostProcess.js:115:10630)
	at wV.lb (file:///extbin/local/openvscode-server/out/vs/workbench/api/node/extensionHostProcess.js:115:15416)
	at file:///extbin/local/openvscode-server/out/vs/workbench/api/node/extensionHostProcess.js:115:16060
2025-07-16 04:50:26.406 [error] Activating extension vscode.debug-auto-launch failed due to an error:
2025-07-16 04:50:26.406 [error] Canceled: Canceled
	at new BR (file:///extbin/local/openvscode-server/out/vs/workbench/api/node/extensionHostProcess.js:29:127734)
	at s4.U (file:///extbin/local/openvscode-server/out/vs/workbench/api/node/extensionHostProcess.js:29:132345)
	at s.<computed>.n.charCodeAt.s.<computed> (file:///extbin/local/openvscode-server/out/vs/workbench/api/node/extensionHostProcess.js:29:129839)
	at nS.initializeExtensionStorage (file:///extbin/local/openvscode-server/out/vs/workbench/api/node/extensionHostProcess.js:111:14143)
	at new oS (file:///extbin/local/openvscode-server/out/vs/workbench/api/node/extensionHostProcess.js:111:14614)
	at new uM (file:///extbin/local/openvscode-server/out/vs/workbench/api/node/extensionHostProcess.js:111:15546)
	at wV.ib (file:///extbin/local/openvscode-server/out/vs/workbench/api/node/extensionHostProcess.js:115:13267)
	at wV.hb (file:///extbin/local/openvscode-server/out/vs/workbench/api/node/extensionHostProcess.js:115:12996)
	at wV.fb (file:///extbin/local/openvscode-server/out/vs/workbench/api/node/extensionHostProcess.js:115:12207)
	at Object.actualActivateExtension (file:///extbin/local/openvscode-server/out/vs/workbench/api/node/extensionHostProcess.js:115:9404)
	at cw.n (file:///extbin/local/openvscode-server/out/vs/workbench/api/node/extensionHostProcess.js:111:13372)
	at cw.m (file:///extbin/local/openvscode-server/out/vs/workbench/api/node/extensionHostProcess.js:111:13333)
	at cw.l (file:///extbin/local/openvscode-server/out/vs/workbench/api/node/extensionHostProcess.js:111:12789)
	at new cw (file:///extbin/local/openvscode-server/out/vs/workbench/api/node/extensionHostProcess.js:111:12716)
	at aw.k (file:///extbin/local/openvscode-server/out/vs/workbench/api/node/extensionHostProcess.js:111:12278)
	at aw.j (file:///extbin/local/openvscode-server/out/vs/workbench/api/node/extensionHostProcess.js:111:12233)
	at file:///extbin/local/openvscode-server/out/vs/workbench/api/node/extensionHostProcess.js:111:11204
	at Array.map (<anonymous>)
	at aw.h (file:///extbin/local/openvscode-server/out/vs/workbench/api/node/extensionHostProcess.js:111:11192)
	at aw.activateById (file:///extbin/local/openvscode-server/out/vs/workbench/api/node/extensionHostProcess.js:111:11104)
	at wV.bb (file:///extbin/local/openvscode-server/out/vs/workbench/api/node/extensionHostProcess.js:115:10630)
	at wV.lb (file:///extbin/local/openvscode-server/out/vs/workbench/api/node/extensionHostProcess.js:115:15416)
	at file:///extbin/local/openvscode-server/out/vs/workbench/api/node/extensionHostProcess.js:115:16060
2025-07-16 04:50:26.406 [error] Activating extension eamodio.gitlens failed due to an error:
2025-07-16 04:50:26.406 [error] Canceled: Canceled
	at new BR (file:///extbin/local/openvscode-server/out/vs/workbench/api/node/extensionHostProcess.js:29:127734)
	at s4.U (file:///extbin/local/openvscode-server/out/vs/workbench/api/node/extensionHostProcess.js:29:132345)
	at s.<computed>.n.charCodeAt.s.<computed> (file:///extbin/local/openvscode-server/out/vs/workbench/api/node/extensionHostProcess.js:29:129839)
	at nS.initializeExtensionStorage (file:///extbin/local/openvscode-server/out/vs/workbench/api/node/extensionHostProcess.js:111:14143)
	at new oS (file:///extbin/local/openvscode-server/out/vs/workbench/api/node/extensionHostProcess.js:111:14614)
	at new uM (file:///extbin/local/openvscode-server/out/vs/workbench/api/node/extensionHostProcess.js:111:15546)
	at wV.ib (file:///extbin/local/openvscode-server/out/vs/workbench/api/node/extensionHostProcess.js:115:13267)
	at wV.hb (file:///extbin/local/openvscode-server/out/vs/workbench/api/node/extensionHostProcess.js:115:12996)
	at wV.fb (file:///extbin/local/openvscode-server/out/vs/workbench/api/node/extensionHostProcess.js:115:12207)
	at Object.actualActivateExtension (file:///extbin/local/openvscode-server/out/vs/workbench/api/node/extensionHostProcess.js:115:9404)
	at cw.n (file:///extbin/local/openvscode-server/out/vs/workbench/api/node/extensionHostProcess.js:111:13372)
	at cw.m (file:///extbin/local/openvscode-server/out/vs/workbench/api/node/extensionHostProcess.js:111:13333)
	at cw.l (file:///extbin/local/openvscode-server/out/vs/workbench/api/node/extensionHostProcess.js:111:12789)
	at new cw (file:///extbin/local/openvscode-server/out/vs/workbench/api/node/extensionHostProcess.js:111:12716)
	at aw.k (file:///extbin/local/openvscode-server/out/vs/workbench/api/node/extensionHostProcess.js:111:12278)
	at aw.j (file:///extbin/local/openvscode-server/out/vs/workbench/api/node/extensionHostProcess.js:111:12233)
	at file:///extbin/local/openvscode-server/out/vs/workbench/api/node/extensionHostProcess.js:111:11204
	at Array.map (<anonymous>)
	at aw.h (file:///extbin/local/openvscode-server/out/vs/workbench/api/node/extensionHostProcess.js:111:11192)
	at aw.activateById (file:///extbin/local/openvscode-server/out/vs/workbench/api/node/extensionHostProcess.js:111:11104)
	at wV.bb (file:///extbin/local/openvscode-server/out/vs/workbench/api/node/extensionHostProcess.js:115:10630)
	at wV.lb (file:///extbin/local/openvscode-server/out/vs/workbench/api/node/extensionHostProcess.js:115:15416)
	at file:///extbin/local/openvscode-server/out/vs/workbench/api/node/extensionHostProcess.js:115:16060
2025-07-16 04:50:26.406 [error] Activating extension vscode.merge-conflict failed due to an error:
2025-07-16 04:50:26.406 [error] Canceled: Canceled
	at new BR (file:///extbin/local/openvscode-server/out/vs/workbench/api/node/extensionHostProcess.js:29:127734)
	at s4.U (file:///extbin/local/openvscode-server/out/vs/workbench/api/node/extensionHostProcess.js:29:132345)
	at s.<computed>.n.charCodeAt.s.<computed> (file:///extbin/local/openvscode-server/out/vs/workbench/api/node/extensionHostProcess.js:29:129839)
	at nS.initializeExtensionStorage (file:///extbin/local/openvscode-server/out/vs/workbench/api/node/extensionHostProcess.js:111:14143)
	at new oS (file:///extbin/local/openvscode-server/out/vs/workbench/api/node/extensionHostProcess.js:111:14614)
	at new uM (file:///extbin/local/openvscode-server/out/vs/workbench/api/node/extensionHostProcess.js:111:15546)
	at wV.ib (file:///extbin/local/openvscode-server/out/vs/workbench/api/node/extensionHostProcess.js:115:13267)
	at wV.hb (file:///extbin/local/openvscode-server/out/vs/workbench/api/node/extensionHostProcess.js:115:12996)
	at wV.fb (file:///extbin/local/openvscode-server/out/vs/workbench/api/node/extensionHostProcess.js:115:12207)
	at Object.actualActivateExtension (file:///extbin/local/openvscode-server/out/vs/workbench/api/node/extensionHostProcess.js:115:9404)
	at cw.n (file:///extbin/local/openvscode-server/out/vs/workbench/api/node/extensionHostProcess.js:111:13372)
	at cw.m (file:///extbin/local/openvscode-server/out/vs/workbench/api/node/extensionHostProcess.js:111:13333)
	at cw.l (file:///extbin/local/openvscode-server/out/vs/workbench/api/node/extensionHostProcess.js:111:12789)
	at new cw (file:///extbin/local/openvscode-server/out/vs/workbench/api/node/extensionHostProcess.js:111:12716)
	at aw.k (file:///extbin/local/openvscode-server/out/vs/workbench/api/node/extensionHostProcess.js:111:12278)
	at aw.j (file:///extbin/local/openvscode-server/out/vs/workbench/api/node/extensionHostProcess.js:111:12233)
	at file:///extbin/local/openvscode-server/out/vs/workbench/api/node/extensionHostProcess.js:111:11204
	at Array.map (<anonymous>)
	at aw.h (file:///extbin/local/openvscode-server/out/vs/workbench/api/node/extensionHostProcess.js:111:11192)
	at aw.activateById (file:///extbin/local/openvscode-server/out/vs/workbench/api/node/extensionHostProcess.js:111:11104)
	at wV.bb (file:///extbin/local/openvscode-server/out/vs/workbench/api/node/extensionHostProcess.js:115:10630)
	at wV.lb (file:///extbin/local/openvscode-server/out/vs/workbench/api/node/extensionHostProcess.js:115:15416)
	at file:///extbin/local/openvscode-server/out/vs/workbench/api/node/extensionHostProcess.js:115:16060
2025-07-16 04:50:26.406 [error] Activating extension SAPSE.vscode-webide-adapter failed due to an error:
2025-07-16 04:50:26.406 [error] Canceled: Canceled
	at new BR (file:///extbin/local/openvscode-server/out/vs/workbench/api/node/extensionHostProcess.js:29:127734)
	at s4.U (file:///extbin/local/openvscode-server/out/vs/workbench/api/node/extensionHostProcess.js:29:132345)
	at s.<computed>.n.charCodeAt.s.<computed> (file:///extbin/local/openvscode-server/out/vs/workbench/api/node/extensionHostProcess.js:29:129839)
	at nS.initializeExtensionStorage (file:///extbin/local/openvscode-server/out/vs/workbench/api/node/extensionHostProcess.js:111:14143)
	at new oS (file:///extbin/local/openvscode-server/out/vs/workbench/api/node/extensionHostProcess.js:111:14614)
	at new uM (file:///extbin/local/openvscode-server/out/vs/workbench/api/node/extensionHostProcess.js:111:15546)
	at wV.ib (file:///extbin/local/openvscode-server/out/vs/workbench/api/node/extensionHostProcess.js:115:13267)
	at wV.hb (file:///extbin/local/openvscode-server/out/vs/workbench/api/node/extensionHostProcess.js:115:12996)
	at wV.fb (file:///extbin/local/openvscode-server/out/vs/workbench/api/node/extensionHostProcess.js:115:12207)
	at Object.actualActivateExtension (file:///extbin/local/openvscode-server/out/vs/workbench/api/node/extensionHostProcess.js:115:9404)
	at cw.n (file:///extbin/local/openvscode-server/out/vs/workbench/api/node/extensionHostProcess.js:111:13372)
	at cw.m (file:///extbin/local/openvscode-server/out/vs/workbench/api/node/extensionHostProcess.js:111:13333)
	at cw.l (file:///extbin/local/openvscode-server/out/vs/workbench/api/node/extensionHostProcess.js:111:12789)
	at new cw (file:///extbin/local/openvscode-server/out/vs/workbench/api/node/extensionHostProcess.js:111:12716)
	at aw.k (file:///extbin/local/openvscode-server/out/vs/workbench/api/node/extensionHostProcess.js:111:12278)
	at aw.j (file:///extbin/local/openvscode-server/out/vs/workbench/api/node/extensionHostProcess.js:111:12233)
	at aw.j (file:///extbin/local/openvscode-server/out/vs/workbench/api/node/extensionHostProcess.js:111:11925)
	at file:///extbin/local/openvscode-server/out/vs/workbench/api/node/extensionHostProcess.js:111:11204
	at Array.map (<anonymous>)
	at aw.h (file:///extbin/local/openvscode-server/out/vs/workbench/api/node/extensionHostProcess.js:111:11192)
	at aw.activateById (file:///extbin/local/openvscode-server/out/vs/workbench/api/node/extensionHostProcess.js:111:11104)
	at wV.bb (file:///extbin/local/openvscode-server/out/vs/workbench/api/node/extensionHostProcess.js:115:10630)
	at wV.lb (file:///extbin/local/openvscode-server/out/vs/workbench/api/node/extensionHostProcess.js:115:15416)
	at file:///extbin/local/openvscode-server/out/vs/workbench/api/node/extensionHostProcess.js:115:16060
2025-07-16 04:50:26.406 [error] Activating extension SAP.vscode-bas-extension failed due to an error:
2025-07-16 04:50:26.406 [error] Canceled: Canceled
	at new BR (file:///extbin/local/openvscode-server/out/vs/workbench/api/node/extensionHostProcess.js:29:127734)
	at s4.U (file:///extbin/local/openvscode-server/out/vs/workbench/api/node/extensionHostProcess.js:29:132345)
	at s.<computed>.n.charCodeAt.s.<computed> (file:///extbin/local/openvscode-server/out/vs/workbench/api/node/extensionHostProcess.js:29:129839)
	at nS.initializeExtensionStorage (file:///extbin/local/openvscode-server/out/vs/workbench/api/node/extensionHostProcess.js:111:14143)
	at new oS (file:///extbin/local/openvscode-server/out/vs/workbench/api/node/extensionHostProcess.js:111:14614)
	at new uM (file:///extbin/local/openvscode-server/out/vs/workbench/api/node/extensionHostProcess.js:111:15546)
	at wV.ib (file:///extbin/local/openvscode-server/out/vs/workbench/api/node/extensionHostProcess.js:115:13267)
	at wV.hb (file:///extbin/local/openvscode-server/out/vs/workbench/api/node/extensionHostProcess.js:115:12996)
	at wV.fb (file:///extbin/local/openvscode-server/out/vs/workbench/api/node/extensionHostProcess.js:115:12207)
	at Object.actualActivateExtension (file:///extbin/local/openvscode-server/out/vs/workbench/api/node/extensionHostProcess.js:115:9404)
	at cw.n (file:///extbin/local/openvscode-server/out/vs/workbench/api/node/extensionHostProcess.js:111:13372)
	at cw.m (file:///extbin/local/openvscode-server/out/vs/workbench/api/node/extensionHostProcess.js:111:13333)
	at cw.l (file:///extbin/local/openvscode-server/out/vs/workbench/api/node/extensionHostProcess.js:111:12789)
	at new cw (file:///extbin/local/openvscode-server/out/vs/workbench/api/node/extensionHostProcess.js:111:12716)
	at aw.k (file:///extbin/local/openvscode-server/out/vs/workbench/api/node/extensionHostProcess.js:111:12278)
	at aw.j (file:///extbin/local/openvscode-server/out/vs/workbench/api/node/extensionHostProcess.js:111:12233)
	at file:///extbin/local/openvscode-server/out/vs/workbench/api/node/extensionHostProcess.js:111:11204
	at Array.map (<anonymous>)
	at aw.h (file:///extbin/local/openvscode-server/out/vs/workbench/api/node/extensionHostProcess.js:111:11192)
	at aw.activateById (file:///extbin/local/openvscode-server/out/vs/workbench/api/node/extensionHostProcess.js:111:11104)
	at wV.bb (file:///extbin/local/openvscode-server/out/vs/workbench/api/node/extensionHostProcess.js:115:10630)
	at wV.lb (file:///extbin/local/openvscode-server/out/vs/workbench/api/node/extensionHostProcess.js:115:15416)
	at file:///extbin/local/openvscode-server/out/vs/workbench/api/node/extensionHostProcess.js:115:16060
2025-07-16 04:50:26.406 [error] Activating extension SAPSE.vscode-bas-fiori-tools failed due to an error:
2025-07-16 04:50:26.406 [error] Canceled: Canceled
	at new BR (file:///extbin/local/openvscode-server/out/vs/workbench/api/node/extensionHostProcess.js:29:127734)
	at s4.U (file:///extbin/local/openvscode-server/out/vs/workbench/api/node/extensionHostProcess.js:29:132345)
	at s.<computed>.n.charCodeAt.s.<computed> (file:///extbin/local/openvscode-server/out/vs/workbench/api/node/extensionHostProcess.js:29:129839)
	at nS.initializeExtensionStorage (file:///extbin/local/openvscode-server/out/vs/workbench/api/node/extensionHostProcess.js:111:14143)
	at new oS (file:///extbin/local/openvscode-server/out/vs/workbench/api/node/extensionHostProcess.js:111:14614)
	at new uM (file:///extbin/local/openvscode-server/out/vs/workbench/api/node/extensionHostProcess.js:111:15546)
	at wV.ib (file:///extbin/local/openvscode-server/out/vs/workbench/api/node/extensionHostProcess.js:115:13267)
	at wV.hb (file:///extbin/local/openvscode-server/out/vs/workbench/api/node/extensionHostProcess.js:115:12996)
	at wV.fb (file:///extbin/local/openvscode-server/out/vs/workbench/api/node/extensionHostProcess.js:115:12207)
	at Object.actualActivateExtension (file:///extbin/local/openvscode-server/out/vs/workbench/api/node/extensionHostProcess.js:115:9404)
	at cw.n (file:///extbin/local/openvscode-server/out/vs/workbench/api/node/extensionHostProcess.js:111:13372)
	at cw.m (file:///extbin/local/openvscode-server/out/vs/workbench/api/node/extensionHostProcess.js:111:13333)
	at cw.l (file:///extbin/local/openvscode-server/out/vs/workbench/api/node/extensionHostProcess.js:111:12789)
	at new cw (file:///extbin/local/openvscode-server/out/vs/workbench/api/node/extensionHostProcess.js:111:12716)
	at aw.k (file:///extbin/local/openvscode-server/out/vs/workbench/api/node/extensionHostProcess.js:111:12278)
	at aw.j (file:///extbin/local/openvscode-server/out/vs/workbench/api/node/extensionHostProcess.js:111:12233)
	at file:///extbin/local/openvscode-server/out/vs/workbench/api/node/extensionHostProcess.js:111:11204
	at Array.map (<anonymous>)
	at aw.h (file:///extbin/local/openvscode-server/out/vs/workbench/api/node/extensionHostProcess.js:111:11192)
	at aw.activateById (file:///extbin/local/openvscode-server/out/vs/workbench/api/node/extensionHostProcess.js:111:11104)
	at wV.bb (file:///extbin/local/openvscode-server/out/vs/workbench/api/node/extensionHostProcess.js:115:10630)
	at wV.lb (file:///extbin/local/openvscode-server/out/vs/workbench/api/node/extensionHostProcess.js:115:15416)
	at file:///extbin/local/openvscode-server/out/vs/workbench/api/node/extensionHostProcess.js:115:16060
2025-07-16 04:50:26.406 [error] Activating extension SAPOSS.vscode-dependencies-validation failed due to an error:
2025-07-16 04:50:26.406 [error] Canceled: Canceled
	at new BR (file:///extbin/local/openvscode-server/out/vs/workbench/api/node/extensionHostProcess.js:29:127734)
	at s4.U (file:///extbin/local/openvscode-server/out/vs/workbench/api/node/extensionHostProcess.js:29:132345)
	at s.<computed>.n.charCodeAt.s.<computed> (file:///extbin/local/openvscode-server/out/vs/workbench/api/node/extensionHostProcess.js:29:129839)
	at nS.initializeExtensionStorage (file:///extbin/local/openvscode-server/out/vs/workbench/api/node/extensionHostProcess.js:111:14143)
	at new oS (file:///extbin/local/openvscode-server/out/vs/workbench/api/node/extensionHostProcess.js:111:14614)
	at new uM (file:///extbin/local/openvscode-server/out/vs/workbench/api/node/extensionHostProcess.js:111:15546)
	at wV.ib (file:///extbin/local/openvscode-server/out/vs/workbench/api/node/extensionHostProcess.js:115:13267)
	at wV.hb (file:///extbin/local/openvscode-server/out/vs/workbench/api/node/extensionHostProcess.js:115:12996)
	at wV.fb (file:///extbin/local/openvscode-server/out/vs/workbench/api/node/extensionHostProcess.js:115:12207)
	at Object.actualActivateExtension (file:///extbin/local/openvscode-server/out/vs/workbench/api/node/extensionHostProcess.js:115:9404)
	at cw.n (file:///extbin/local/openvscode-server/out/vs/workbench/api/node/extensionHostProcess.js:111:13372)
	at cw.m (file:///extbin/local/openvscode-server/out/vs/workbench/api/node/extensionHostProcess.js:111:13333)
	at cw.l (file:///extbin/local/openvscode-server/out/vs/workbench/api/node/extensionHostProcess.js:111:12789)
	at new cw (file:///extbin/local/openvscode-server/out/vs/workbench/api/node/extensionHostProcess.js:111:12716)
	at aw.k (file:///extbin/local/openvscode-server/out/vs/workbench/api/node/extensionHostProcess.js:111:12278)
	at aw.j (file:///extbin/local/openvscode-server/out/vs/workbench/api/node/extensionHostProcess.js:111:12233)
	at file:///extbin/local/openvscode-server/out/vs/workbench/api/node/extensionHostProcess.js:111:11204
	at Array.map (<anonymous>)
	at aw.h (file:///extbin/local/openvscode-server/out/vs/workbench/api/node/extensionHostProcess.js:111:11192)
	at aw.activateById (file:///extbin/local/openvscode-server/out/vs/workbench/api/node/extensionHostProcess.js:111:11104)
	at wV.bb (file:///extbin/local/openvscode-server/out/vs/workbench/api/node/extensionHostProcess.js:115:10630)
	at wV.lb (file:///extbin/local/openvscode-server/out/vs/workbench/api/node/extensionHostProcess.js:115:15416)
	at file:///extbin/local/openvscode-server/out/vs/workbench/api/node/extensionHostProcess.js:115:16060
2025-07-16 04:50:26.406 [error] Activating extension SAPOSS.vscode-deps-upgrade-tool failed due to an error:
2025-07-16 04:50:26.406 [error] Canceled: Canceled
	at new BR (file:///extbin/local/openvscode-server/out/vs/workbench/api/node/extensionHostProcess.js:29:127734)
	at s4.U (file:///extbin/local/openvscode-server/out/vs/workbench/api/node/extensionHostProcess.js:29:132345)
	at s.<computed>.n.charCodeAt.s.<computed> (file:///extbin/local/openvscode-server/out/vs/workbench/api/node/extensionHostProcess.js:29:129839)
	at nS.initializeExtensionStorage (file:///extbin/local/openvscode-server/out/vs/workbench/api/node/extensionHostProcess.js:111:14143)
	at new oS (file:///extbin/local/openvscode-server/out/vs/workbench/api/node/extensionHostProcess.js:111:14614)
	at new uM (file:///extbin/local/openvscode-server/out/vs/workbench/api/node/extensionHostProcess.js:111:15546)
	at wV.ib (file:///extbin/local/openvscode-server/out/vs/workbench/api/node/extensionHostProcess.js:115:13267)
	at wV.hb (file:///extbin/local/openvscode-server/out/vs/workbench/api/node/extensionHostProcess.js:115:12996)
	at wV.fb (file:///extbin/local/openvscode-server/out/vs/workbench/api/node/extensionHostProcess.js:115:12207)
	at Object.actualActivateExtension (file:///extbin/local/openvscode-server/out/vs/workbench/api/node/extensionHostProcess.js:115:9404)
	at cw.n (file:///extbin/local/openvscode-server/out/vs/workbench/api/node/extensionHostProcess.js:111:13372)
	at cw.m (file:///extbin/local/openvscode-server/out/vs/workbench/api/node/extensionHostProcess.js:111:13333)
	at cw.l (file:///extbin/local/openvscode-server/out/vs/workbench/api/node/extensionHostProcess.js:111:12789)
	at new cw (file:///extbin/local/openvscode-server/out/vs/workbench/api/node/extensionHostProcess.js:111:12716)
	at aw.k (file:///extbin/local/openvscode-server/out/vs/workbench/api/node/extensionHostProcess.js:111:12278)
	at aw.j (file:///extbin/local/openvscode-server/out/vs/workbench/api/node/extensionHostProcess.js:111:12233)
	at file:///extbin/local/openvscode-server/out/vs/workbench/api/node/extensionHostProcess.js:111:11204
	at Array.map (<anonymous>)
	at aw.h (file:///extbin/local/openvscode-server/out/vs/workbench/api/node/extensionHostProcess.js:111:11192)
	at aw.activateById (file:///extbin/local/openvscode-server/out/vs/workbench/api/node/extensionHostProcess.js:111:11104)
	at wV.bb (file:///extbin/local/openvscode-server/out/vs/workbench/api/node/extensionHostProcess.js:115:10630)
	at wV.lb (file:///extbin/local/openvscode-server/out/vs/workbench/api/node/extensionHostProcess.js:115:15416)
	at file:///extbin/local/openvscode-server/out/vs/workbench/api/node/extensionHostProcess.js:115:16060
2025-07-16 04:50:26.406 [error] Activating extension SAPSE.vscode-tasks-explorer-tasks-panel failed due to an error:
2025-07-16 04:50:26.406 [error] Canceled: Canceled
	at new BR (file:///extbin/local/openvscode-server/out/vs/workbench/api/node/extensionHostProcess.js:29:127734)
	at s4.U (file:///extbin/local/openvscode-server/out/vs/workbench/api/node/extensionHostProcess.js:29:132345)
	at s.<computed>.n.charCodeAt.s.<computed> (file:///extbin/local/openvscode-server/out/vs/workbench/api/node/extensionHostProcess.js:29:129839)
	at nS.initializeExtensionStorage (file:///extbin/local/openvscode-server/out/vs/workbench/api/node/extensionHostProcess.js:111:14143)
	at new oS (file:///extbin/local/openvscode-server/out/vs/workbench/api/node/extensionHostProcess.js:111:14614)
	at new uM (file:///extbin/local/openvscode-server/out/vs/workbench/api/node/extensionHostProcess.js:111:15546)
	at wV.ib (file:///extbin/local/openvscode-server/out/vs/workbench/api/node/extensionHostProcess.js:115:13267)
	at wV.hb (file:///extbin/local/openvscode-server/out/vs/workbench/api/node/extensionHostProcess.js:115:12996)
	at wV.fb (file:///extbin/local/openvscode-server/out/vs/workbench/api/node/extensionHostProcess.js:115:12207)
	at Object.actualActivateExtension (file:///extbin/local/openvscode-server/out/vs/workbench/api/node/extensionHostProcess.js:115:9404)
	at cw.n (file:///extbin/local/openvscode-server/out/vs/workbench/api/node/extensionHostProcess.js:111:13372)
	at cw.m (file:///extbin/local/openvscode-server/out/vs/workbench/api/node/extensionHostProcess.js:111:13333)
	at cw.l (file:///extbin/local/openvscode-server/out/vs/workbench/api/node/extensionHostProcess.js:111:12789)
	at new cw (file:///extbin/local/openvscode-server/out/vs/workbench/api/node/extensionHostProcess.js:111:12716)
	at aw.k (file:///extbin/local/openvscode-server/out/vs/workbench/api/node/extensionHostProcess.js:111:12278)
	at aw.j (file:///extbin/local/openvscode-server/out/vs/workbench/api/node/extensionHostProcess.js:111:12233)
	at file:///extbin/local/openvscode-server/out/vs/workbench/api/node/extensionHostProcess.js:111:11204
	at Array.map (<anonymous>)
	at aw.h (file:///extbin/local/openvscode-server/out/vs/workbench/api/node/extensionHostProcess.js:111:11192)
	at aw.activateById (file:///extbin/local/openvscode-server/out/vs/workbench/api/node/extensionHostProcess.js:111:11104)
	at wV.bb (file:///extbin/local/openvscode-server/out/vs/workbench/api/node/extensionHostProcess.js:115:10630)
	at wV.lb (file:///extbin/local/openvscode-server/out/vs/workbench/api/node/extensionHostProcess.js:115:15416)
	at file:///extbin/local/openvscode-server/out/vs/workbench/api/node/extensionHostProcess.js:115:16060
2025-07-16 04:50:26.406 [error] Activating extension SAP.vscode-wing-cf-tools failed due to an error:
2025-07-16 04:50:26.406 [error] Canceled: Canceled
	at new BR (file:///extbin/local/openvscode-server/out/vs/workbench/api/node/extensionHostProcess.js:29:127734)
	at s4.U (file:///extbin/local/openvscode-server/out/vs/workbench/api/node/extensionHostProcess.js:29:132345)
	at s.<computed>.n.charCodeAt.s.<computed> (file:///extbin/local/openvscode-server/out/vs/workbench/api/node/extensionHostProcess.js:29:129839)
	at nS.initializeExtensionStorage (file:///extbin/local/openvscode-server/out/vs/workbench/api/node/extensionHostProcess.js:111:14143)
	at new oS (file:///extbin/local/openvscode-server/out/vs/workbench/api/node/extensionHostProcess.js:111:14614)
	at new uM (file:///extbin/local/openvscode-server/out/vs/workbench/api/node/extensionHostProcess.js:111:15546)
	at wV.ib (file:///extbin/local/openvscode-server/out/vs/workbench/api/node/extensionHostProcess.js:115:13267)
	at wV.hb (file:///extbin/local/openvscode-server/out/vs/workbench/api/node/extensionHostProcess.js:115:12996)
	at wV.fb (file:///extbin/local/openvscode-server/out/vs/workbench/api/node/extensionHostProcess.js:115:12207)
	at Object.actualActivateExtension (file:///extbin/local/openvscode-server/out/vs/workbench/api/node/extensionHostProcess.js:115:9404)
	at cw.n (file:///extbin/local/openvscode-server/out/vs/workbench/api/node/extensionHostProcess.js:111:13372)
	at cw.m (file:///extbin/local/openvscode-server/out/vs/workbench/api/node/extensionHostProcess.js:111:13333)
	at cw.l (file:///extbin/local/openvscode-server/out/vs/workbench/api/node/extensionHostProcess.js:111:12789)
	at new cw (file:///extbin/local/openvscode-server/out/vs/workbench/api/node/extensionHostProcess.js:111:12716)
	at aw.k (file:///extbin/local/openvscode-server/out/vs/workbench/api/node/extensionHostProcess.js:111:12278)
	at aw.j (file:///extbin/local/openvscode-server/out/vs/workbench/api/node/extensionHostProcess.js:111:12233)
	at file:///extbin/local/openvscode-server/out/vs/workbench/api/node/extensionHostProcess.js:111:11204
	at Array.map (<anonymous>)
	at aw.h (file:///extbin/local/openvscode-server/out/vs/workbench/api/node/extensionHostProcess.js:111:11192)
	at aw.activateById (file:///extbin/local/openvscode-server/out/vs/workbench/api/node/extensionHostProcess.js:111:11104)
	at wV.bb (file:///extbin/local/openvscode-server/out/vs/workbench/api/node/extensionHostProcess.js:115:10630)
	at wV.lb (file:///extbin/local/openvscode-server/out/vs/workbench/api/node/extensionHostProcess.js:115:15416)
	at file:///extbin/local/openvscode-server/out/vs/workbench/api/node/extensionHostProcess.js:115:16060
2025-07-16 04:50:26.406 [error] Activating extension SAPSE.vscode-wing-expose-router-ports failed due to an error:
2025-07-16 04:50:26.406 [error] Canceled: Canceled
	at new BR (file:///extbin/local/openvscode-server/out/vs/workbench/api/node/extensionHostProcess.js:29:127734)
	at s4.U (file:///extbin/local/openvscode-server/out/vs/workbench/api/node/extensionHostProcess.js:29:132345)
	at s.<computed>.n.charCodeAt.s.<computed> (file:///extbin/local/openvscode-server/out/vs/workbench/api/node/extensionHostProcess.js:29:129839)
	at nS.initializeExtensionStorage (file:///extbin/local/openvscode-server/out/vs/workbench/api/node/extensionHostProcess.js:111:14143)
	at new oS (file:///extbin/local/openvscode-server/out/vs/workbench/api/node/extensionHostProcess.js:111:14614)
	at new uM (file:///extbin/local/openvscode-server/out/vs/workbench/api/node/extensionHostProcess.js:111:15546)
	at wV.ib (file:///extbin/local/openvscode-server/out/vs/workbench/api/node/extensionHostProcess.js:115:13267)
	at wV.hb (file:///extbin/local/openvscode-server/out/vs/workbench/api/node/extensionHostProcess.js:115:12996)
	at wV.fb (file:///extbin/local/openvscode-server/out/vs/workbench/api/node/extensionHostProcess.js:115:12207)
	at Object.actualActivateExtension (file:///extbin/local/openvscode-server/out/vs/workbench/api/node/extensionHostProcess.js:115:9404)
	at cw.n (file:///extbin/local/openvscode-server/out/vs/workbench/api/node/extensionHostProcess.js:111:13372)
	at cw.m (file:///extbin/local/openvscode-server/out/vs/workbench/api/node/extensionHostProcess.js:111:13333)
	at cw.l (file:///extbin/local/openvscode-server/out/vs/workbench/api/node/extensionHostProcess.js:111:12789)
	at new cw (file:///extbin/local/openvscode-server/out/vs/workbench/api/node/extensionHostProcess.js:111:12716)
	at aw.k (file:///extbin/local/openvscode-server/out/vs/workbench/api/node/extensionHostProcess.js:111:12278)
	at aw.j (file:///extbin/local/openvscode-server/out/vs/workbench/api/node/extensionHostProcess.js:111:12233)
	at file:///extbin/local/openvscode-server/out/vs/workbench/api/node/extensionHostProcess.js:111:11204
	at Array.map (<anonymous>)
	at aw.h (file:///extbin/local/openvscode-server/out/vs/workbench/api/node/extensionHostProcess.js:111:11192)
	at aw.activateById (file:///extbin/local/openvscode-server/out/vs/workbench/api/node/extensionHostProcess.js:111:11104)
	at wV.bb (file:///extbin/local/openvscode-server/out/vs/workbench/api/node/extensionHostProcess.js:115:10630)
	at wV.lb (file:///extbin/local/openvscode-server/out/vs/workbench/api/node/extensionHostProcess.js:115:15416)
	at file:///extbin/local/openvscode-server/out/vs/workbench/api/node/extensionHostProcess.js:115:16060
2025-07-16 04:50:26.406 [error] Activating extension SAP.vscode-wing-gerrit failed due to an error:
2025-07-16 04:50:26.406 [error] Canceled: Canceled
	at new BR (file:///extbin/local/openvscode-server/out/vs/workbench/api/node/extensionHostProcess.js:29:127734)
	at s4.U (file:///extbin/local/openvscode-server/out/vs/workbench/api/node/extensionHostProcess.js:29:132345)
	at s.<computed>.n.charCodeAt.s.<computed> (file:///extbin/local/openvscode-server/out/vs/workbench/api/node/extensionHostProcess.js:29:129839)
	at nS.initializeExtensionStorage (file:///extbin/local/openvscode-server/out/vs/workbench/api/node/extensionHostProcess.js:111:14143)
	at new oS (file:///extbin/local/openvscode-server/out/vs/workbench/api/node/extensionHostProcess.js:111:14614)
	at new uM (file:///extbin/local/openvscode-server/out/vs/workbench/api/node/extensionHostProcess.js:111:15546)
	at wV.ib (file:///extbin/local/openvscode-server/out/vs/workbench/api/node/extensionHostProcess.js:115:13267)
	at wV.hb (file:///extbin/local/openvscode-server/out/vs/workbench/api/node/extensionHostProcess.js:115:12996)
	at wV.fb (file:///extbin/local/openvscode-server/out/vs/workbench/api/node/extensionHostProcess.js:115:12207)
	at Object.actualActivateExtension (file:///extbin/local/openvscode-server/out/vs/workbench/api/node/extensionHostProcess.js:115:9404)
	at cw.n (file:///extbin/local/openvscode-server/out/vs/workbench/api/node/extensionHostProcess.js:111:13372)
	at cw.m (file:///extbin/local/openvscode-server/out/vs/workbench/api/node/extensionHostProcess.js:111:13333)
	at cw.l (file:///extbin/local/openvscode-server/out/vs/workbench/api/node/extensionHostProcess.js:111:12789)
	at new cw (file:///extbin/local/openvscode-server/out/vs/workbench/api/node/extensionHostProcess.js:111:12716)
	at aw.k (file:///extbin/local/openvscode-server/out/vs/workbench/api/node/extensionHostProcess.js:111:12278)
	at aw.j (file:///extbin/local/openvscode-server/out/vs/workbench/api/node/extensionHostProcess.js:111:12233)
	at file:///extbin/local/openvscode-server/out/vs/workbench/api/node/extensionHostProcess.js:111:11204
	at Array.map (<anonymous>)
	at aw.h (file:///extbin/local/openvscode-server/out/vs/workbench/api/node/extensionHostProcess.js:111:11192)
	at aw.activateById (file:///extbin/local/openvscode-server/out/vs/workbench/api/node/extensionHostProcess.js:111:11104)
	at wV.bb (file:///extbin/local/openvscode-server/out/vs/workbench/api/node/extensionHostProcess.js:115:10630)
	at wV.lb (file:///extbin/local/openvscode-server/out/vs/workbench/api/node/extensionHostProcess.js:115:15416)
	at file:///extbin/local/openvscode-server/out/vs/workbench/api/node/extensionHostProcess.js:115:16060
2025-07-16 04:50:26.406 [error] Activating extension SAPSE.vscode-wing-ui5-run failed due to an error:
2025-07-16 04:50:26.406 [error] Canceled: Canceled
	at new BR (file:///extbin/local/openvscode-server/out/vs/workbench/api/node/extensionHostProcess.js:29:127734)
	at s4.U (file:///extbin/local/openvscode-server/out/vs/workbench/api/node/extensionHostProcess.js:29:132345)
	at s.<computed>.n.charCodeAt.s.<computed> (file:///extbin/local/openvscode-server/out/vs/workbench/api/node/extensionHostProcess.js:29:129839)
	at nS.initializeExtensionStorage (file:///extbin/local/openvscode-server/out/vs/workbench/api/node/extensionHostProcess.js:111:14143)
	at new oS (file:///extbin/local/openvscode-server/out/vs/workbench/api/node/extensionHostProcess.js:111:14614)
	at new uM (file:///extbin/local/openvscode-server/out/vs/workbench/api/node/extensionHostProcess.js:111:15546)
	at wV.ib (file:///extbin/local/openvscode-server/out/vs/workbench/api/node/extensionHostProcess.js:115:13267)
	at wV.hb (file:///extbin/local/openvscode-server/out/vs/workbench/api/node/extensionHostProcess.js:115:12996)
	at wV.fb (file:///extbin/local/openvscode-server/out/vs/workbench/api/node/extensionHostProcess.js:115:12207)
	at Object.actualActivateExtension (file:///extbin/local/openvscode-server/out/vs/workbench/api/node/extensionHostProcess.js:115:9404)
	at cw.n (file:///extbin/local/openvscode-server/out/vs/workbench/api/node/extensionHostProcess.js:111:13372)
	at cw.m (file:///extbin/local/openvscode-server/out/vs/workbench/api/node/extensionHostProcess.js:111:13333)
	at cw.l (file:///extbin/local/openvscode-server/out/vs/workbench/api/node/extensionHostProcess.js:111:12789)
	at new cw (file:///extbin/local/openvscode-server/out/vs/workbench/api/node/extensionHostProcess.js:111:12716)
	at aw.k (file:///extbin/local/openvscode-server/out/vs/workbench/api/node/extensionHostProcess.js:111:12278)
	at aw.j (file:///extbin/local/openvscode-server/out/vs/workbench/api/node/extensionHostProcess.js:111:12233)
	at file:///extbin/local/openvscode-server/out/vs/workbench/api/node/extensionHostProcess.js:111:11204
	at Array.map (<anonymous>)
	at aw.h (file:///extbin/local/openvscode-server/out/vs/workbench/api/node/extensionHostProcess.js:111:11192)
	at aw.activateById (file:///extbin/local/openvscode-server/out/vs/workbench/api/node/extensionHostProcess.js:111:11104)
	at wV.bb (file:///extbin/local/openvscode-server/out/vs/workbench/api/node/extensionHostProcess.js:115:10630)
	at wV.lb (file:///extbin/local/openvscode-server/out/vs/workbench/api/node/extensionHostProcess.js:115:15416)
	at file:///extbin/local/openvscode-server/out/vs/workbench/api/node/extensionHostProcess.js:115:16060
2025-07-16 04:50:26.474 [error] SyntaxError: Unexpected end of JSON input
	at JSON.parse (<anonymous>)
	at Zy (file:///extbin/local/openvscode-server/out/vs/workbench/api/node/extensionHostProcess.js:191:6161)
	at async file:///extbin/local/openvscode-server/out/vs/workbench/api/node/extensionHostProcess.js:191:5090
2025-07-16 04:50:26.488 [error] Error: Channel has been closed
	at s (file:///extbin/local/openvscode-server/out/vs/workbench/api/node/extensionHostProcess.js:117:2431)
	at Object.appendLine (file:///extbin/local/openvscode-server/out/vs/workbench/api/node/extensionHostProcess.js:117:2570)
	at R.logOutputMessage (/extbin/local/openvscode-server/extensions/json-language-features/client/dist/node/jsonClientMain.js:2:290791)
	at R.info (/extbin/local/openvscode-server/extensions/json-language-features/client/dist/node/jsonClientMain.js:2:290524)
	at ChildProcess.<anonymous> (/extbin/local/openvscode-server/extensions/json-language-features/client/dist/node/jsonClientMain.js:2:514797)
	at ChildProcess.emit (node:events:519:28)
	at ChildProcess._handle.onexit (node:internal/child_process:294:12)
