{
  "label": "SAP Continuous Integration and Delivery",
  "level": "error",
  "message": "when saving build states: Canceled",
  "time": "2025-07-14T12:56:48.098Z"
}
{
  "label": "SAP Continuous Integration and Delivery",
  "level": "error",
  "message": "when saving build states: Canceled",
  "time": "2025-07-14T12:56:48.099Z"
}
{
  "label": "SAP Continuous Integration and Delivery",
  "level": "error",
  "message": "when saving build states: Canceled",
  "time": "2025-07-14T12:56:48.099Z"
}
{
  "label": "SAP Continuous Integration and Delivery",
  "level": "error",
  "message": "when saving build states: Canceled",
  "time": "2025-07-14T12:56:48.099Z"
}
