[2025-07-12 12:22:27.015] [          7ms] [/home/user/taskbtp] git rev-parse --show-toplevel • FAILED

Error: Command failed: /usr/bin/git -c core.quotepath=false -c color.ui=false rev-parse --show-toplevel
fatal: not a git repository (or any parent up to mount point /)
Stopping at filesystem boundary (GIT_DISCOVERY_ACROSS_FILESYSTEM not set).


[2025-07-12 12:22:27.693] [          5ms] [/home/user/taskbtp/webapp/controller] git rev-parse --show-toplevel • FAILED

Error: Command failed: /usr/bin/git -c core.quotepath=false -c color.ui=false rev-parse --show-toplevel
fatal: not a git repository (or any parent up to mount point /)
Stopping at filesystem boundary (GIT_DISCOVERY_ACROSS_FILESYSTEM not set).


[2025-07-12 12:22:28.030] [          4ms] [/home/user/taskbtp] git rev-parse --show-toplevel • FAILED

Error: Command failed: /usr/bin/git -c core.quotepath=false -c color.ui=false rev-parse --show-toplevel
fatal: not a git repository (or any parent up to mount point /)
Stopping at filesystem boundary (GIT_DISCOVERY_ACROSS_FILESYSTEM not set).


[2025-07-12 12:22:32.565] [          4ms] [/home/user/taskbtp] git rev-parse --show-toplevel • FAILED

Error: Command failed: /usr/bin/git -c core.quotepath=false -c color.ui=false rev-parse --show-toplevel
fatal: not a git repository (or any parent up to mount point /)
Stopping at filesystem boundary (GIT_DISCOVERY_ACROSS_FILESYSTEM not set).


[2025-07-12 12:24:56.745] [          5ms] [/home/user/taskbtp/webapp/model] git rev-parse --show-toplevel • FAILED

Error: Command failed: /usr/bin/git -c core.quotepath=false -c color.ui=false rev-parse --show-toplevel
fatal: not a git repository (or any parent up to mount point /)
Stopping at filesystem boundary (GIT_DISCOVERY_ACROSS_FILESYSTEM not set).


[2025-07-12 12:24:59.037] [         27ms] [/home/user/taskbtp/webapp/view] git rev-parse --show-toplevel • FAILED

Error: Command failed: /usr/bin/git -c core.quotepath=false -c color.ui=false rev-parse --show-toplevel
fatal: not a git repository (or any parent up to mount point /)
Stopping at filesystem boundary (GIT_DISCOVERY_ACROSS_FILESYSTEM not set).


