2025-07-14 09:40:40.586 [error] Error: listen EADDRINUSE: address already in use :::8888
	at Server.setupListenHandle [as _listen2] (node:net:1898:16)
	at listenInCluster (node:net:1946:12)
	at Server.listen (node:net:2044:7)
	at Function.listen (/extbin/local/openvscode-server/extensions/vscode-webide-adapter/dist/extension.js:52462:24)
	at startWattServer (/extbin/local/openvscode-server/extensions/vscode-webide-adapter/dist/extension.js:133234:32)
	at activate (/extbin/local/openvscode-server/extensions/vscode-webide-adapter/dist/extension.js:131801:58)
	at Uw.kb (file:///extbin/local/openvscode-server/out/vs/workbench/api/node/extensionHostProcess.js:115:15216)
	at Uw.jb (file:///extbin/local/openvscode-server/out/vs/workbench/api/node/extensionHostProcess.js:115:14923)
	at file:///extbin/local/openvscode-server/out/vs/workbench/api/node/extensionHostProcess.js:115:13081
	at async cw.n (file:///extbin/local/openvscode-server/out/vs/workbench/api/node/extensionHostProcess.js:111:13359)
	at async cw.m (file:///extbin/local/openvscode-server/out/vs/workbench/api/node/extensionHostProcess.js:111:13322)
	at async cw.l (file:///extbin/local/openvscode-server/out/vs/workbench/api/node/extensionHostProcess.js:111:12778)
2025-07-14 09:40:40.587 [error] Error: listen EADDRINUSE: address already in use :::3001
	at Server.setupListenHandle [as _listen2] (node:net:1898:16)
	at listenInCluster (node:net:1946:12)
	at Server.listen (node:net:2044:7)
	at w.listen (/extbin/local/openvscode-server/extensions/vscode-wing-expose-router-ports-2.4.7-release/bundle/extension.js:2:91515)
	at /extbin/local/openvscode-server/extensions/vscode-wing-expose-router-ports-2.4.7-release/bundle/extension.js:2:561430
	at /extbin/local/openvscode-server/extensions/vscode-wing-expose-router-ports-2.4.7-release/bundle/extension.js:2:561563
	at t.activate (/extbin/local/openvscode-server/extensions/vscode-wing-expose-router-ports-2.4.7-release/bundle/extension.js:2:561566)
	at Uw.kb (file:///extbin/local/openvscode-server/out/vs/workbench/api/node/extensionHostProcess.js:115:15216)
	at Uw.jb (file:///extbin/local/openvscode-server/out/vs/workbench/api/node/extensionHostProcess.js:115:14923)
	at file:///extbin/local/openvscode-server/out/vs/workbench/api/node/extensionHostProcess.js:115:13081
	at async cw.n (file:///extbin/local/openvscode-server/out/vs/workbench/api/node/extensionHostProcess.js:111:13359)
	at async cw.m (file:///extbin/local/openvscode-server/out/vs/workbench/api/node/extensionHostProcess.js:111:13322)
	at async cw.l (file:///extbin/local/openvscode-server/out/vs/workbench/api/node/extensionHostProcess.js:111:12778)
2025-07-14 10:08:43.373 [error] SyntaxError: Expected double-quoted property name in JSON at position 1169
	at JSON.parse (<anonymous>)
	at readJSON (/extbin/local/openvscode-server/extensions/sap-ux-application-modeler-extension-1.18.2/dist/extension-min.js:119:2318)
	at async getApplicationStructure (/extbin/local/openvscode-server/extensions/sap-ux-application-modeler-extension-1.18.2/dist/extension-min.js:319:9445)
	at async getApps (/extbin/local/openvscode-server/extensions/sap-ux-application-modeler-extension-1.18.2/dist/extension-min.js:319:9203)
	at async getProject (/extbin/local/openvscode-server/extensions/sap-ux-application-modeler-extension-1.18.2/dist/extension-min.js:319:8925)
	at async Ofn.getProject (/extbin/local/openvscode-server/extensions/sap-ux-application-modeler-extension-1.18.2/dist/extension-min.js:934:8964)
	at async Ofn.fillServiceSpecificationForApp (/extbin/local/openvscode-server/extensions/sap-ux-application-modeler-extension-1.18.2/dist/extension-min.js:934:14960)
	at async Ofn.listAnnotationFiles (/extbin/local/openvscode-server/extensions/sap-ux-application-modeler-extension-1.18.2/dist/extension-min.js:934:11634)
	at async onManifestChange (/extbin/local/openvscode-server/extensions/sap-ux-application-modeler-extension-1.18.2/dist/extension-min.js:4031:37094)
	at async /extbin/local/openvscode-server/extensions/sap-ux-application-modeler-extension-1.18.2/dist/extension-min.js:4031:33985
	at async onWatcherDidChange (/extbin/local/openvscode-server/extensions/sap-ux-application-modeler-extension-1.18.2/dist/extension-min.js:4031:33415)
	at async Th.value (/extbin/local/openvscode-server/extensions/sap-ux-application-modeler-extension-1.18.2/dist/extension-min.js:4031:33845)
2025-07-14 10:40:37.344 [error] Request timed out
2025-07-14 12:56:48.067 [error] An error occurred when disposing the subscriptions for extension 'eamodio.gitlens':
2025-07-14 12:56:48.075 [error] TypeError: Cannot read properties of undefined (reading 'dispose')
	at Object.dispose (file:///extbin/local/openvscode-server/out/vs/workbench/api/node/extensionHostProcess.js:135:125067)
	at iv.<anonymous> (file:///extbin/local/openvscode-server/out/vs/workbench/api/node/extensionHostProcess.js:107:8922)
	at iv.dispose (file:///extbin/local/openvscode-server/out/vs/workbench/api/node/extensionHostProcess.js:107:9018)
	at Object.dispose (/extbin/local/openvscode-server/extensions/gitlens-16.2.1/dist/gitlens.js:1154:48762)
	at /extbin/local/openvscode-server/extensions/gitlens-16.2.1/dist/gitlens.js:1425:15117
	at Array.forEach (<anonymous>)
	at Object.dispose (/extbin/local/openvscode-server/extensions/gitlens-16.2.1/dist/gitlens.js:1425:15099)
	at pi (file:///extbin/local/openvscode-server/out/vs/workbench/api/node/extensionHostProcess.js:25:701)
	at file:///extbin/local/openvscode-server/out/vs/workbench/api/node/extensionHostProcess.js:115:14994
	at file:///extbin/local/openvscode-server/out/vs/workbench/api/node/extensionHostProcess.js:25:1011
	at Object.dispose (file:///extbin/local/openvscode-server/out/vs/workbench/api/node/extensionHostProcess.js:8:705)
	at wV.eb (file:///extbin/local/openvscode-server/out/vs/workbench/api/node/extensionHostProcess.js:115:11921)
	at file:///extbin/local/openvscode-server/out/vs/workbench/api/node/extensionHostProcess.js:115:9876
	at Array.map (<anonymous>)
	at wV.$ (file:///extbin/local/openvscode-server/out/vs/workbench/api/node/extensionHostProcess.js:115:9864)
	at wV.terminate (file:///extbin/local/openvscode-server/out/vs/workbench/api/node/extensionHostProcess.js:115:10107)
	at aP.terminate (file:///extbin/local/openvscode-server/out/vs/workbench/api/node/extensionHostProcess.js:116:1434)
	at es (file:///extbin/local/openvscode-server/out/vs/workbench/api/node/extensionHostProcess.js:197:5701)
	at n6.a (file:///extbin/local/openvscode-server/out/vs/workbench/api/node/extensionHostProcess.js:197:2614)
	at n6.h (file:///extbin/local/openvscode-server/out/vs/workbench/api/node/extensionHostProcess.js:28:75468)
	at listOnTimeout (node:internal/timers:573:17)
	at process.processTimers (node:internal/timers:514:7)
2025-07-14 12:56:48.281 [error] Canceled: Canceled
	at new BR (file:///extbin/local/openvscode-server/out/vs/workbench/api/node/extensionHostProcess.js:29:127734)
	at s4.U (file:///extbin/local/openvscode-server/out/vs/workbench/api/node/extensionHostProcess.js:29:132345)
	at s.<computed>.n.charCodeAt.s.<computed> (file:///extbin/local/openvscode-server/out/vs/workbench/api/node/extensionHostProcess.js:29:129839)
	at vw.g (file:///extbin/local/openvscode-server/out/vs/workbench/api/node/extensionHostProcess.js:111:40983)
	at vw.executeCommand (file:///extbin/local/openvscode-server/out/vs/workbench/api/node/extensionHostProcess.js:111:40487)
	at r.registerCommand.description (file:///extbin/local/openvscode-server/out/vs/workbench/api/node/extensionHostProcess.js:111:39817)
	at vw.h (file:///extbin/local/openvscode-server/out/vs/workbench/api/node/extensionHostProcess.js:111:41503)
	at vw.g (file:///extbin/local/openvscode-server/out/vs/workbench/api/node/extensionHostProcess.js:111:40580)
	at vw.executeCommand (file:///extbin/local/openvscode-server/out/vs/workbench/api/node/extensionHostProcess.js:111:40487)
	at Object.executeCommand (file:///extbin/local/openvscode-server/out/vs/workbench/api/node/extensionHostProcess.js:173:30346)
	at f (/extbin/local/openvscode-server/extensions/gitlens-16.2.1/dist/gitlens.js:1479:63709)
	at c (/extbin/local/openvscode-server/extensions/gitlens-16.2.1/dist/gitlens.js:1479:68269)
	at ActionRunners._updateContextKeys (/extbin/local/openvscode-server/extensions/gitlens-16.2.1/dist/gitlens.js:1104:70222)
	at s (/extbin/local/openvscode-server/extensions/gitlens-16.2.1/dist/gitlens.js:1104:68666)
	at RegisteredActionRunner.unregister (/extbin/local/openvscode-server/extensions/gitlens-16.2.1/dist/gitlens.js:1104:68809)
	at RegisteredActionRunner.dispose (/extbin/local/openvscode-server/extensions/gitlens-16.2.1/dist/gitlens.js:1104:67476)
	at Object.dispose (/extbin/local/openvscode-server/extensions/gitlens-16.2.1/dist/gitlens.js:1104:68903)
	at pi (file:///extbin/local/openvscode-server/out/vs/workbench/api/node/extensionHostProcess.js:25:701)
	at file:///extbin/local/openvscode-server/out/vs/workbench/api/node/extensionHostProcess.js:115:14994
	at file:///extbin/local/openvscode-server/out/vs/workbench/api/node/extensionHostProcess.js:25:1011
	at Object.dispose (file:///extbin/local/openvscode-server/out/vs/workbench/api/node/extensionHostProcess.js:8:705)
	at wV.eb (file:///extbin/local/openvscode-server/out/vs/workbench/api/node/extensionHostProcess.js:115:11921)
	at file:///extbin/local/openvscode-server/out/vs/workbench/api/node/extensionHostProcess.js:115:9876
	at Array.map (<anonymous>)
	at wV.$ (file:///extbin/local/openvscode-server/out/vs/workbench/api/node/extensionHostProcess.js:115:9864)
	at wV.terminate (file:///extbin/local/openvscode-server/out/vs/workbench/api/node/extensionHostProcess.js:115:10107)
	at aP.terminate (file:///extbin/local/openvscode-server/out/vs/workbench/api/node/extensionHostProcess.js:116:1434)
	at es (file:///extbin/local/openvscode-server/out/vs/workbench/api/node/extensionHostProcess.js:197:5701)
	at n6.a (file:///extbin/local/openvscode-server/out/vs/workbench/api/node/extensionHostProcess.js:197:2614)
	at n6.h (file:///extbin/local/openvscode-server/out/vs/workbench/api/node/extensionHostProcess.js:28:75468)
	at listOnTimeout (node:internal/timers:573:17)
	at process.processTimers (node:internal/timers:514:7) setContext undefined
2025-07-14 12:56:48.281 [error] Canceled: Canceled
	at new BR (file:///extbin/local/openvscode-server/out/vs/workbench/api/node/extensionHostProcess.js:29:127734)
	at s4.U (file:///extbin/local/openvscode-server/out/vs/workbench/api/node/extensionHostProcess.js:29:132345)
	at s.<computed>.n.charCodeAt.s.<computed> (file:///extbin/local/openvscode-server/out/vs/workbench/api/node/extensionHostProcess.js:29:129839)
	at vw.g (file:///extbin/local/openvscode-server/out/vs/workbench/api/node/extensionHostProcess.js:111:40983)
	at vw.executeCommand (file:///extbin/local/openvscode-server/out/vs/workbench/api/node/extensionHostProcess.js:111:40487)
	at r.registerCommand.description (file:///extbin/local/openvscode-server/out/vs/workbench/api/node/extensionHostProcess.js:111:39817)
	at vw.h (file:///extbin/local/openvscode-server/out/vs/workbench/api/node/extensionHostProcess.js:111:41503)
	at vw.g (file:///extbin/local/openvscode-server/out/vs/workbench/api/node/extensionHostProcess.js:111:40580)
	at vw.executeCommand (file:///extbin/local/openvscode-server/out/vs/workbench/api/node/extensionHostProcess.js:111:40487)
	at Object.executeCommand (file:///extbin/local/openvscode-server/out/vs/workbench/api/node/extensionHostProcess.js:173:30346)
	at f (/extbin/local/openvscode-server/extensions/gitlens-16.2.1/dist/gitlens.js:1479:63709)
	at c (/extbin/local/openvscode-server/extensions/gitlens-16.2.1/dist/gitlens.js:1479:68269)
	at ActionRunners._updateContextKeys (/extbin/local/openvscode-server/extensions/gitlens-16.2.1/dist/gitlens.js:1104:70222)
	at s (/extbin/local/openvscode-server/extensions/gitlens-16.2.1/dist/gitlens.js:1104:68666)
	at RegisteredActionRunner.unregister (/extbin/local/openvscode-server/extensions/gitlens-16.2.1/dist/gitlens.js:1104:68809)
	at RegisteredActionRunner.dispose (/extbin/local/openvscode-server/extensions/gitlens-16.2.1/dist/gitlens.js:1104:67476)
	at Object.dispose (/extbin/local/openvscode-server/extensions/gitlens-16.2.1/dist/gitlens.js:1104:68903)
	at pi (file:///extbin/local/openvscode-server/out/vs/workbench/api/node/extensionHostProcess.js:25:701)
	at file:///extbin/local/openvscode-server/out/vs/workbench/api/node/extensionHostProcess.js:115:14994
	at file:///extbin/local/openvscode-server/out/vs/workbench/api/node/extensionHostProcess.js:25:1011
	at Object.dispose (file:///extbin/local/openvscode-server/out/vs/workbench/api/node/extensionHostProcess.js:8:705)
	at wV.eb (file:///extbin/local/openvscode-server/out/vs/workbench/api/node/extensionHostProcess.js:115:11921)
	at file:///extbin/local/openvscode-server/out/vs/workbench/api/node/extensionHostProcess.js:115:9876
	at Array.map (<anonymous>)
	at wV.$ (file:///extbin/local/openvscode-server/out/vs/workbench/api/node/extensionHostProcess.js:115:9864)
	at wV.terminate (file:///extbin/local/openvscode-server/out/vs/workbench/api/node/extensionHostProcess.js:115:10107)
	at aP.terminate (file:///extbin/local/openvscode-server/out/vs/workbench/api/node/extensionHostProcess.js:116:1434)
	at es (file:///extbin/local/openvscode-server/out/vs/workbench/api/node/extensionHostProcess.js:197:5701)
	at n6.a (file:///extbin/local/openvscode-server/out/vs/workbench/api/node/extensionHostProcess.js:197:2614)
	at n6.h (file:///extbin/local/openvscode-server/out/vs/workbench/api/node/extensionHostProcess.js:28:75468)
	at listOnTimeout (node:internal/timers:573:17)
	at process.processTimers (node:internal/timers:514:7) setContext undefined
2025-07-14 12:56:48.281 [error] Canceled: Canceled
	at new BR (file:///extbin/local/openvscode-server/out/vs/workbench/api/node/extensionHostProcess.js:29:127734)
	at s4.U (file:///extbin/local/openvscode-server/out/vs/workbench/api/node/extensionHostProcess.js:29:132345)
	at s.<computed>.n.charCodeAt.s.<computed> (file:///extbin/local/openvscode-server/out/vs/workbench/api/node/extensionHostProcess.js:29:129839)
	at vw.g (file:///extbin/local/openvscode-server/out/vs/workbench/api/node/extensionHostProcess.js:111:40983)
	at vw.executeCommand (file:///extbin/local/openvscode-server/out/vs/workbench/api/node/extensionHostProcess.js:111:40487)
	at r.registerCommand.description (file:///extbin/local/openvscode-server/out/vs/workbench/api/node/extensionHostProcess.js:111:39817)
	at vw.h (file:///extbin/local/openvscode-server/out/vs/workbench/api/node/extensionHostProcess.js:111:41503)
	at vw.g (file:///extbin/local/openvscode-server/out/vs/workbench/api/node/extensionHostProcess.js:111:40580)
	at vw.executeCommand (file:///extbin/local/openvscode-server/out/vs/workbench/api/node/extensionHostProcess.js:111:40487)
	at Object.executeCommand (file:///extbin/local/openvscode-server/out/vs/workbench/api/node/extensionHostProcess.js:173:30346)
	at f (/extbin/local/openvscode-server/extensions/gitlens-16.2.1/dist/gitlens.js:1479:63709)
	at c (/extbin/local/openvscode-server/extensions/gitlens-16.2.1/dist/gitlens.js:1479:68269)
	at ActionRunners._updateContextKeys (/extbin/local/openvscode-server/extensions/gitlens-16.2.1/dist/gitlens.js:1104:70222)
	at s (/extbin/local/openvscode-server/extensions/gitlens-16.2.1/dist/gitlens.js:1104:68666)
	at RegisteredActionRunner.unregister (/extbin/local/openvscode-server/extensions/gitlens-16.2.1/dist/gitlens.js:1104:68809)
	at RegisteredActionRunner.dispose (/extbin/local/openvscode-server/extensions/gitlens-16.2.1/dist/gitlens.js:1104:67476)
	at Object.dispose (/extbin/local/openvscode-server/extensions/gitlens-16.2.1/dist/gitlens.js:1104:68903)
	at pi (file:///extbin/local/openvscode-server/out/vs/workbench/api/node/extensionHostProcess.js:25:701)
	at file:///extbin/local/openvscode-server/out/vs/workbench/api/node/extensionHostProcess.js:115:14994
	at file:///extbin/local/openvscode-server/out/vs/workbench/api/node/extensionHostProcess.js:25:1011
	at Object.dispose (file:///extbin/local/openvscode-server/out/vs/workbench/api/node/extensionHostProcess.js:8:705)
	at wV.eb (file:///extbin/local/openvscode-server/out/vs/workbench/api/node/extensionHostProcess.js:115:11921)
	at file:///extbin/local/openvscode-server/out/vs/workbench/api/node/extensionHostProcess.js:115:9876
	at Array.map (<anonymous>)
	at wV.$ (file:///extbin/local/openvscode-server/out/vs/workbench/api/node/extensionHostProcess.js:115:9864)
	at wV.terminate (file:///extbin/local/openvscode-server/out/vs/workbench/api/node/extensionHostProcess.js:115:10107)
	at aP.terminate (file:///extbin/local/openvscode-server/out/vs/workbench/api/node/extensionHostProcess.js:116:1434)
	at es (file:///extbin/local/openvscode-server/out/vs/workbench/api/node/extensionHostProcess.js:197:5701)
	at n6.a (file:///extbin/local/openvscode-server/out/vs/workbench/api/node/extensionHostProcess.js:197:2614)
	at n6.h (file:///extbin/local/openvscode-server/out/vs/workbench/api/node/extensionHostProcess.js:28:75468)
	at listOnTimeout (node:internal/timers:573:17)
	at process.processTimers (node:internal/timers:514:7) setContext undefined
