[2025-07-15 09:59:10.416] [          7ms] [/home/user/productlist] git rev-parse --show-toplevel • FAILED

Error: Command failed: /usr/bin/git -c core.quotepath=false -c color.ui=false rev-parse --show-toplevel
fatal: not a git repository (or any parent up to mount point /)
Stopping at filesystem boundary (GIT_DISCOVERY_ACROSS_FILESYSTEM not set).


[2025-07-15 09:59:11.311] [          9ms] [/home/user/productlist/webapp/view] git rev-parse --show-toplevel • FAILED

Error: Command failed: /usr/bin/git -c core.quotepath=false -c color.ui=false rev-parse --show-toplevel
fatal: not a git repository (or any parent up to mount point /)
Stopping at filesystem boundary (GIT_DISCOVERY_ACROSS_FILESYSTEM not set).


[2025-07-15 09:59:11.312] [          5ms] [/home/user/productlist/webapp/controller] git rev-parse --show-toplevel • FAILED

Error: Command failed: /usr/bin/git -c core.quotepath=false -c color.ui=false rev-parse --show-toplevel
fatal: not a git repository (or any parent up to mount point /)
Stopping at filesystem boundary (GIT_DISCOVERY_ACROSS_FILESYSTEM not set).


[2025-07-15 09:59:11.429] [          6ms] [/home/user/productlist] git rev-parse --show-toplevel • FAILED

Error: Command failed: /usr/bin/git -c core.quotepath=false -c color.ui=false rev-parse --show-toplevel
fatal: not a git repository (or any parent up to mount point /)
Stopping at filesystem boundary (GIT_DISCOVERY_ACROSS_FILESYSTEM not set).


[2025-07-15 09:59:17.315] [          8ms] [/home/user/productlist] git rev-parse --show-toplevel • FAILED

Error: Command failed: /usr/bin/git -c core.quotepath=false -c color.ui=false rev-parse --show-toplevel
fatal: not a git repository (or any parent up to mount point /)
Stopping at filesystem boundary (GIT_DISCOVERY_ACROSS_FILESYSTEM not set).


[2025-07-15 10:01:22.314] [          9ms] [/home/user/productlist/webapp/view] git rev-parse --show-toplevel • FAILED

Error: Command failed: /usr/bin/git -c core.quotepath=false -c color.ui=false rev-parse --show-toplevel
fatal: not a git repository (or any parent up to mount point /)
Stopping at filesystem boundary (GIT_DISCOVERY_ACROSS_FILESYSTEM not set).


[2025-07-15 10:02:45.611] [          8ms] [/home/user/productlist/webapp/controller] git rev-parse --show-toplevel • FAILED

Error: Command failed: /usr/bin/git -c core.quotepath=false -c color.ui=false rev-parse --show-toplevel
fatal: not a git repository (or any parent up to mount point /)
Stopping at filesystem boundary (GIT_DISCOVERY_ACROSS_FILESYSTEM not set).


[2025-07-15 10:06:48.157] [         14ms] [/home/user/productlist/webapp] git rev-parse --show-toplevel • FAILED

Error: Command failed: /usr/bin/git -c core.quotepath=false -c color.ui=false rev-parse --show-toplevel
fatal: not a git repository (or any parent up to mount point /)
Stopping at filesystem boundary (GIT_DISCOVERY_ACROSS_FILESYSTEM not set).


