{
  "label": "vscode-wing-expose-router-ports.ExposePorts",
  "level": "error",
  "message": "Canceled",
  "time": "2025-07-13T14:32:14.228Z"
}
{
  "label": "vscode-wing-expose-router-ports.ExposePorts",
  "level": "error",
  "message": "Canceled",
  "time": "2025-07-13T14:32:14.230Z"
}
{
  "label": "vscode-wing-expose-router-ports.ExposePorts",
  "level": "error",
  "message": "Canceled",
  "time": "2025-07-13T14:32:14.230Z"
}
{
  "label": "vscode-wing-expose-router-ports.ExposePorts",
  "level": "error",
  "message": "Canceled",
  "time": "2025-07-13T14:32:14.234Z"
}
