[2025-07-11 12:26:43.593] [          6ms] [/home/user/productlist] git rev-parse --show-toplevel • FAILED

Error: Command failed: /usr/bin/git -c core.quotepath=false -c color.ui=false rev-parse --show-toplevel
fatal: not a git repository (or any parent up to mount point /)
Stopping at filesystem boundary (GIT_DISCOVERY_ACROSS_FILESYSTEM not set).


[2025-07-11 12:26:44.283] [          5ms] [/home/user/productlist/webapp] git rev-parse --show-toplevel • FAILED

Error: Command failed: /usr/bin/git -c core.quotepath=false -c color.ui=false rev-parse --show-toplevel
fatal: not a git repository (or any parent up to mount point /)
Stopping at filesystem boundary (GIT_DISCOVERY_ACROSS_FILESYSTEM not set).


[2025-07-11 12:26:44.605] [          4ms] [/home/user/productlist] git rev-parse --show-toplevel • FAILED

Error: Command failed: /usr/bin/git -c core.quotepath=false -c color.ui=false rev-parse --show-toplevel
fatal: not a git repository (or any parent up to mount point /)
Stopping at filesystem boundary (GIT_DISCOVERY_ACROSS_FILESYSTEM not set).


[2025-07-11 12:26:47.677] [          5ms] [/home/user/productlist] git rev-parse --show-toplevel • FAILED

Error: Command failed: /usr/bin/git -c core.quotepath=false -c color.ui=false rev-parse --show-toplevel
fatal: not a git repository (or any parent up to mount point /)
Stopping at filesystem boundary (GIT_DISCOVERY_ACROSS_FILESYSTEM not set).


[2025-07-11 12:26:51.415] [         15ms] [/home/user/productlist/webapp/view] git rev-parse --show-toplevel • FAILED

Error: Command failed: /usr/bin/git -c core.quotepath=false -c color.ui=false rev-parse --show-toplevel
fatal: not a git repository (or any parent up to mount point /)
Stopping at filesystem boundary (GIT_DISCOVERY_ACROSS_FILESYSTEM not set).


[2025-07-11 12:27:28.522] [          5ms] [/home/user/productlist/webapp/view] git rev-parse --show-toplevel • FAILED

Error: Command failed: /usr/bin/git -c core.quotepath=false -c color.ui=false rev-parse --show-toplevel
fatal: not a git repository (or any parent up to mount point /)
Stopping at filesystem boundary (GIT_DISCOVERY_ACROSS_FILESYSTEM not set).


[2025-07-11 12:27:57.814] [         15ms] [/home/user/productlist/webapp/view] git rev-parse --show-toplevel • FAILED

Error: Command failed: /usr/bin/git -c core.quotepath=false -c color.ui=false rev-parse --show-toplevel
fatal: not a git repository (or any parent up to mount point /)
Stopping at filesystem boundary (GIT_DISCOVERY_ACROSS_FILESYSTEM not set).


[2025-07-11 12:28:28.231] [         17ms] [/home/user/productlist/webapp/controller] git rev-parse --show-toplevel • FAILED

Error: Command failed: /usr/bin/git -c core.quotepath=false -c color.ui=false rev-parse --show-toplevel
fatal: not a git repository (or any parent up to mount point /)
Stopping at filesystem boundary (GIT_DISCOVERY_ACROSS_FILESYSTEM not set).


[2025-07-11 12:29:57.976] [          7ms] [/home/user/productlist/webapp/controller] git rev-parse --show-toplevel • FAILED

Error: Command failed: /usr/bin/git -c core.quotepath=false -c color.ui=false rev-parse --show-toplevel
fatal: not a git repository (or any parent up to mount point /)
Stopping at filesystem boundary (GIT_DISCOVERY_ACROSS_FILESYSTEM not set).


